Log file open, 06/09/21 23:29:22
LogInit: Display: Running engine for game: FPS
LogPlatformFile: Not using cached read wrapper
LogTaskGraph: Started task graph with 5 named threads and 35 total threads with 3 sets of task threads.
LogStats: Stats thread started at 0.868377
LogD3D11RHI: Loaded GFSDK_Aftermath_Lib.x64.dll
LogICUInternationalization: ICU TimeZone Detection - Raw Offset: +8:00, Platform Override: ''
LogPluginManager: Mounting plugin Paper2D
LogPluginManager: Mounting plugin AISupport
LogPluginManager: Mounting plugin LightPropagationVolume
LogPluginManager: Mounting plugin CameraShakePreviewer
LogPluginManager: Mounting plugin ActorLayerUtilities
LogPluginManager: Mounting plugin AnimationSharing
LogPluginManager: Mounting plugin CLionSourceCodeAccess
LogPluginManager: Mounting plugin CodeLiteSourceCodeAccess
LogPluginManager: Mounting plugin GitSourceControl
LogPluginManager: Mounting plugin KDevelopSourceCodeAccess
LogPluginManager: Mounting plugin NullSourceCodeAccess
LogPluginManager: Mounting plugin PerforceSourceControl
LogPluginManager: Mounting plugin PlasticSourceControl
LogPluginManager: Mounting plugin RiderSourceCodeAccess
LogPluginManager: Mounting plugin SubversionSourceControl
LogPluginManager: Mounting plugin UObjectPlugin
LogPluginManager: Mounting plugin VisualStudioCodeSourceCodeAccess
LogPluginManager: Mounting plugin VisualStudioSourceCodeAccess
LogPluginManager: Mounting plugin XCodeSourceCodeAccess
LogPluginManager: Mounting plugin AssetManagerEditor
LogPluginManager: Mounting plugin CryptoKeys
LogPluginManager: Mounting plugin CurveEditorTools
LogPluginManager: Mounting plugin DataValidation
LogPluginManager: Mounting plugin EditorScriptingUtilities
LogPluginManager: Mounting plugin FacialAnimation
LogPluginManager: Mounting plugin GameplayTagsEditor
LogPluginManager: Mounting plugin GeometryMode
LogPluginManager: Mounting plugin MacGraphicsSwitching
LogPluginManager: Mounting plugin MaterialAnalyzer
LogPluginManager: Mounting plugin MobileLauncherProfileWizard
LogPluginManager: Mounting plugin PluginBrowser
LogPluginManager: Mounting plugin SpeedTreeImporter
LogPluginManager: Mounting plugin DatasmithContent
LogPluginManager: Mounting plugin VariantManagerContent
LogPluginManager: Mounting plugin AlembicImporter
LogPluginManager: Mounting plugin AutomationUtils
LogPluginManager: Mounting plugin BackChannel
LogPluginManager: Mounting plugin ChaosCloth
LogPluginManager: Mounting plugin ChaosClothEditor
LogPluginManager: Mounting plugin ChaosEditor
LogPluginManager: Mounting plugin ChaosNiagara
LogPluginManager: Mounting plugin ChaosSolverPlugin
LogPluginManager: Mounting plugin CharacterAI
LogPluginManager: Mounting plugin GeometryCache
LogPluginManager: Mounting plugin GeometryCollectionPlugin
LogPluginManager: Mounting plugin GeometryProcessing
LogPluginManager: Mounting plugin PlanarCut
LogPluginManager: Mounting plugin PlatformCrypto
LogPluginManager: Mounting plugin ProxyLODPlugin
LogPluginManager: Mounting plugin SkeletalReduction
LogPluginManager: Mounting plugin Niagara
LogPluginManager: Mounting plugin MagicLeap
LogPluginManager: Mounting plugin MagicLeapLightEstimation
LogPluginManager: Mounting plugin MagicLeapMedia
LogPluginManager: Mounting plugin MagicLeapPassableWorld
LogPluginManager: Mounting plugin MLSDK
LogPluginManager: Mounting plugin AndroidMedia
LogPluginManager: Mounting plugin AvfMedia
LogPluginManager: Mounting plugin ImgMedia
LogPluginManager: Mounting plugin MediaCompositing
LogPluginManager: Mounting plugin MediaPlayerEditor
LogPluginManager: Mounting plugin WebMMedia
LogPluginManager: Mounting plugin WmfMedia
LogPluginManager: Mounting plugin MeshPainting
LogPluginManager: Mounting plugin TcpMessaging
LogPluginManager: Mounting plugin UdpMessaging
LogPluginManager: Mounting plugin ActorSequence
LogPluginManager: Mounting plugin LevelSequenceEditor
LogPluginManager: Mounting plugin MatineeToLevelSequence
LogPluginManager: Mounting plugin MovieRenderPipeline
LogPluginManager: Mounting plugin TemplateSequence
LogPluginManager: Mounting plugin NetcodeUnitTest
LogPluginManager: Mounting plugin NUTUnrealEngine4
LogPluginManager: Mounting plugin OnlineSubsystemGooglePlay
LogPluginManager: Mounting plugin OnlineSubsystemIOS
LogPluginManager: Mounting plugin OnlineSubsystem
LogPluginManager: Mounting plugin OnlineSubsystemNull
LogPluginManager: Mounting plugin OnlineSubsystemUtils
LogPluginManager: Mounting plugin LauncherChunkInstaller
LogPluginManager: Mounting plugin AndroidDeviceProfileSelector
LogPluginManager: Mounting plugin AndroidMoviePlayer
LogPluginManager: Mounting plugin AndroidPermission
LogPluginManager: Mounting plugin AppleImageUtils
LogPluginManager: Mounting plugin AppleMoviePlayer
LogPluginManager: Mounting plugin ArchVisCharacter
LogPluginManager: Mounting plugin AssetTags
LogPluginManager: Mounting plugin AudioCapture
LogPluginManager: Mounting plugin CableComponent
LogPluginManager: Mounting plugin CustomMeshComponent
LogPluginManager: Mounting plugin EditableMesh
LogPluginManager: Mounting plugin ExampleDeviceProfileSelector
LogPluginManager: Mounting plugin GoogleCloudMessaging
LogPluginManager: Mounting plugin GooglePAD
LogPluginManager: Mounting plugin IOSDeviceProfileSelector
LogPluginManager: Mounting plugin LinuxDeviceProfileSelector
LogPluginManager: Mounting plugin LocationServicesBPLibrary
LogPluginManager: Mounting plugin MobilePatchingUtils
LogPluginManager: Mounting plugin OculusVR
LogPluginManager: Mounting plugin PhysXVehicles
LogPluginManager: Mounting plugin PostSplashScreen
LogPluginManager: Mounting plugin ProceduralMeshComponent
LogPluginManager: Mounting plugin RuntimePhysXCooking
LogPluginManager: Mounting plugin SignificanceManager
LogPluginManager: Mounting plugin SoundFields
LogPluginManager: Mounting plugin SteamVR
LogPluginManager: Mounting plugin Synthesis
LogPluginManager: Mounting plugin WebMMoviePlayer
LogPluginManager: Mounting plugin WindowsMoviePlayer
LogPluginManager: Mounting plugin ScreenshotTools
LogInit: Using libcurl 7.55.1-DEV
LogInit:  - built for x86_64-pc-win32
LogInit:  - supports SSL with OpenSSL/1.1.1
LogInit:  - supports HTTP deflate (compression) using libz 1.2.8
LogInit:  - other features:
LogInit:      CURL_VERSION_SSL
LogInit:      CURL_VERSION_LIBZ
LogInit:      CURL_VERSION_IPV6
LogInit:      CURL_VERSION_ASYNCHDNS
LogInit:      CURL_VERSION_LARGEFILE
LogInit:      CURL_VERSION_IDN
LogInit:  CurlRequestOptions (configurable via config and command line):
LogInit:  - bVerifyPeer = true  - Libcurl will verify peer certificate
LogInit:  - bUseHttpProxy = false  - Libcurl will NOT use HTTP proxy
LogInit:  - bDontReuseConnections = false  - Libcurl will reuse connections
LogInit:  - MaxHostConnections = 16  - Libcurl will limit the number of connections to a host
LogInit:  - LocalHostAddr = Default
LogInit:  - BufferSize = 65536
LogOnline: OSS: Creating online subsystem instance for: NULL
LogInit: WinSock: version 1.1 (2.2), MaxSocks=32767, MaxUdp=65467
LogOnline: OSS: TryLoadSubsystemAndSetDefault: Loaded subsystem for module [NULL]
LogInit: Build: ++UE4+Release-4.25-CL-14469661
LogInit: Engine Version: 4.25.4-14469661+++UE4+Release-4.25
LogInit: Compatible Engine Version: 4.25.0-13144385+++UE4+Release-4.25
LogInit: Net CL: 13144385
LogInit: OS: Windows 10 (Release 2009) (), CPU: AMD Ryzen 5 2600 Six-Core Processor            , GPU: Radeon RX 590 Series
LogInit: Compiled (64-bit): Oct 11 2020 08:10:49
LogInit: Compiled with Visual C++: 19.24.28315.00
LogInit: Build Configuration: Development
LogInit: Branch Name: ++UE4+Release-4.25
LogInit: Command Line: 
LogInit: Base Directory: D:/UnrealEditor/UE_4.25/Engine/Binaries/Win64/
LogInit: Allocator: TBB
LogInit: Installed Engine Build: 1
LogDevObjectVersion: Number of dev versions registered: 26
LogDevObjectVersion:   Dev-Blueprints (B0D832E4-1F89-4F0D-ACCF-7EB736FD4AA2): 10
LogDevObjectVersion:   Dev-Build (E1C64328-A22C-4D53-A36C-8E866417BD8C): 0
LogDevObjectVersion:   Dev-Core (375EC13C-06E4-48FB-B500-84F0262A717E): 4
LogDevObjectVersion:   Dev-Editor (E4B068ED-F494-42E9-A231-DA0B2E46BB41): 38
LogDevObjectVersion:   Dev-Framework (CFFC743F-43B0-4480-9391-14DF171D2073): 37
LogDevObjectVersion:   Dev-Mobile (B02B49B5-BB20-44E9-A304-32B752E40360): 2
LogDevObjectVersion:   Dev-Networking (A4E4105C-59A1-49B5-A7C5-40C4547EDFEE): 0
LogDevObjectVersion:   Dev-Online (39C831C9-5AE6-47DC-9A44-9C173E1C8E7C): 0
LogDevObjectVersion:   Dev-Physics (78F01B33-EBEA-4F98-B9B4-84EACCB95AA2): 4
LogDevObjectVersion:   Dev-Platform (6631380F-2D4D-43E0-8009-CF276956A95A): 0
LogDevObjectVersion:   Dev-Rendering (12F88B9F-8875-4AFC-A67C-D90C383ABD29): 43
LogDevObjectVersion:   Dev-Sequencer (7B5AE74C-D270-4C10-A958-57980B212A5A): 12
LogDevObjectVersion:   Dev-VR (D7296918-1DD6-4BDD-9DE2-64A83CC13884): 3
LogDevObjectVersion:   Dev-LoadTimes (C2A15278-BFE7-4AFE-6C17-90FF531DF755): 1
LogDevObjectVersion:   Private-Geometry (6EACA3D4-40EC-4CC1-B786-8BED09428FC5): 3
LogDevObjectVersion:   Dev-AnimPhys (29E575DD-E0A3-4627-9D10-D276232CDCEA): 17
LogDevObjectVersion:   Dev-Anim (AF43A65D-7FD3-4947-9873-3E8ED9C1BB05): 7
LogDevObjectVersion:   Dev-ReflectionCapture (6B266CEC-1EC7-4B8F-A30B-E4D90942FC07): 1
LogDevObjectVersion:   Dev-Automation (0DF73D61-A23F-47EA-B727-89E90C41499A): 1
LogDevObjectVersion:   FortniteMain (601D1886-AC64-4F84-AA16-D3DE0DEAC7D6): 31
LogDevObjectVersion:   Dev-Enterprise (9DFFBCD6-494F-0158-E221-12823C92A888): 10
LogDevObjectVersion:   Dev-Niagara (F2AED0AC-9AFE-416F-8664-AA7FFA26D6FC): 1
LogDevObjectVersion:   Dev-Destruction (174F1F0B-B4C6-45A5-B13F-2EE8D0FB917D): 10
LogDevObjectVersion:   Dev-Physics-Ext (35F94A83-E258-406C-A318-09F59610247C): 37
LogDevObjectVersion:   Dev-PhysicsMaterial-Chaos (B68FC16E-8B1B-42E2-B453-215C058844FE): 1
LogDevObjectVersion:   Dev-CineCamera (B2E18506-4273-CFC2-A54E-F4BB758BBA07): 1
LogInit: Presizing for max 25165824 objects, including 0 objects not considered by GC, pre-allocating 0 bytes for permanent pool.
LogConfig: Applying CVar settings from Section [/Script/Engine.StreamingSettings] File [D:/UnrealProject/FPS/Saved/Config/Windows/Engine.ini]
LogConfig: Setting CVar [[s.MinBulkDataSizeForAsyncLoading:131072]]
LogConfig: Setting CVar [[s.AsyncLoadingThreadEnabled:0]]
LogConfig: Setting CVar [[s.EventDrivenLoaderEnabled:1]]
LogConfig: Setting CVar [[s.WarnIfTimeLimitExceeded:0]]
LogConfig: Setting CVar [[s.TimeLimitExceededMultiplier:1.5]]
LogConfig: Setting CVar [[s.TimeLimitExceededMinTime:0.005]]
LogConfig: Setting CVar [[s.UseBackgroundLevelStreaming:1]]
LogConfig: Setting CVar [[s.PriorityAsyncLoadingExtraTime:15.0]]
LogConfig: Setting CVar [[s.LevelStreamingActorsUpdateTimeLimit:5.0]]
LogConfig: Setting CVar [[s.PriorityLevelStreamingActorsUpdateExtraTime:5.0]]
LogConfig: Setting CVar [[s.LevelStreamingComponentsRegistrationGranularity:10]]
LogConfig: Setting CVar [[s.UnregisterComponentsTimeLimit:1.0]]
LogConfig: Setting CVar [[s.LevelStreamingComponentsUnregistrationGranularity:5]]
LogConfig: Setting CVar [[s.FlushStreamingOnExit:1]]
LogInit: Object subsystem initialized
LogConfig: Setting CVar [[con.DebugEarlyDefault:1]]
LogConfig: Setting CVar [[r.setres:1280x720]]
[2021.06.09-15.29.24:600][  0]LogConfig: Setting CVar [[r.VSync:0]]
[2021.06.09-15.29.24:600][  0]LogConfig: Setting CVar [[r.RHICmdBypass:0]]
[2021.06.09-15.29.24:600][  0]LogConfig: Applying CVar settings from Section [/Script/Engine.RendererSettings] File [D:/UnrealProject/FPS/Saved/Config/Windows/Engine.ini]
[2021.06.09-15.29.24:600][  0]LogConfig: Setting CVar [[r.GPUCrashDebugging:0]]
[2021.06.09-15.29.24:600][  0]LogConfig: Applying CVar settings from Section [/Script/Engine.RendererOverrideSettings] File [D:/UnrealProject/FPS/Saved/Config/Windows/Engine.ini]
[2021.06.09-15.29.24:600][  0]LogConfig: Applying CVar settings from Section [/Script/Engine.StreamingSettings] File [D:/UnrealProject/FPS/Saved/Config/Windows/Engine.ini]
[2021.06.09-15.29.24:600][  0]LogConfig: Setting CVar [[s.MinBulkDataSizeForAsyncLoading:131072]]
[2021.06.09-15.29.24:601][  0]LogConfig: Setting CVar [[s.AsyncLoadingThreadEnabled:0]]
[2021.06.09-15.29.24:601][  0]LogConfig: Setting CVar [[s.EventDrivenLoaderEnabled:1]]
[2021.06.09-15.29.24:601][  0]LogConfig: Setting CVar [[s.WarnIfTimeLimitExceeded:0]]
[2021.06.09-15.29.24:601][  0]LogConfig: Setting CVar [[s.TimeLimitExceededMultiplier:1.5]]
[2021.06.09-15.29.24:601][  0]LogConfig: Setting CVar [[s.TimeLimitExceededMinTime:0.005]]
[2021.06.09-15.29.24:601][  0]LogConfig: Setting CVar [[s.UseBackgroundLevelStreaming:1]]
[2021.06.09-15.29.24:601][  0]LogConfig: Setting CVar [[s.PriorityAsyncLoadingExtraTime:15.0]]
[2021.06.09-15.29.24:601][  0]LogConfig: Setting CVar [[s.LevelStreamingActorsUpdateTimeLimit:5.0]]
[2021.06.09-15.29.24:601][  0]LogConfig: Setting CVar [[s.PriorityLevelStreamingActorsUpdateExtraTime:5.0]]
[2021.06.09-15.29.24:601][  0]LogConfig: Setting CVar [[s.LevelStreamingComponentsRegistrationGranularity:10]]
[2021.06.09-15.29.24:601][  0]LogConfig: Setting CVar [[s.UnregisterComponentsTimeLimit:1.0]]
[2021.06.09-15.29.24:601][  0]LogConfig: Setting CVar [[s.LevelStreamingComponentsUnregistrationGranularity:5]]
[2021.06.09-15.29.24:601][  0]LogConfig: Setting CVar [[s.FlushStreamingOnExit:1]]
[2021.06.09-15.29.24:601][  0]LogConfig: Applying CVar settings from Section [/Script/Engine.GarbageCollectionSettings] File [D:/UnrealProject/FPS/Saved/Config/Windows/Engine.ini]
[2021.06.09-15.29.24:601][  0]LogConfig: Setting CVar [[gc.MaxObjectsNotConsideredByGC:1]]
[2021.06.09-15.29.24:601][  0]LogConfig: Setting CVar [[gc.SizeOfPermanentObjectPool:0]]
[2021.06.09-15.29.24:601][  0]LogConfig: Setting CVar [[gc.FlushStreamingOnGC:0]]
[2021.06.09-15.29.24:601][  0]LogConfig: Setting CVar [[gc.NumRetriesBeforeForcingGC:10]]
[2021.06.09-15.29.24:601][  0]LogConfig: Setting CVar [[gc.AllowParallelGC:1]]
[2021.06.09-15.29.24:601][  0]LogConfig: Setting CVar [[gc.TimeBetweenPurgingPendingKillObjects:61.1]]
[2021.06.09-15.29.24:601][  0]LogConfig: Setting CVar [[gc.MaxObjectsInEditor:25165824]]
[2021.06.09-15.29.24:601][  0]LogConfig: Setting CVar [[gc.IncrementalBeginDestroyEnabled:1]]
[2021.06.09-15.29.24:601][  0]LogConfig: Setting CVar [[gc.CreateGCClusters:1]]
[2021.06.09-15.29.24:601][  0]LogConfig: Setting CVar [[gc.MinGCClusterSize:5]]
[2021.06.09-15.29.24:601][  0]LogConfig: Setting CVar [[gc.ActorClusteringEnabled:0]]
[2021.06.09-15.29.24:601][  0]LogConfig: Setting CVar [[gc.BlueprintClusteringEnabled:0]]
[2021.06.09-15.29.24:601][  0]LogConfig: Setting CVar [[gc.UseDisregardForGCOnDedicatedServers:0]]
[2021.06.09-15.29.24:601][  0]LogConfig: Applying CVar settings from Section [/Script/Engine.NetworkSettings] File [D:/UnrealProject/FPS/Saved/Config/Windows/Engine.ini]
[2021.06.09-15.29.24:601][  0]LogConfig: Applying CVar settings from Section [/Script/UnrealEd.CookerSettings] File [D:/UnrealProject/FPS/Saved/Config/Windows/Engine.ini]
[2021.06.09-15.29.24:605][  0]LogConfig: Applying CVar settings from Section [ViewDistanceQuality@3] File [D:/UnrealProject/FPS/Saved/Config/Windows/Scalability.ini]
[2021.06.09-15.29.24:605][  0]LogConfig: Setting CVar [[r.SkeletalMeshLODBias:0]]
[2021.06.09-15.29.24:605][  0]LogConfig: Setting CVar [[r.ViewDistanceScale:1.0]]
[2021.06.09-15.29.24:605][  0]LogConfig: Applying CVar settings from Section [AntiAliasingQuality@3] File [D:/UnrealProject/FPS/Saved/Config/Windows/Scalability.ini]
[2021.06.09-15.29.24:605][  0]LogConfig: Setting CVar [[r.PostProcessAAQuality:4]]
[2021.06.09-15.29.24:606][  0]LogConfig: Applying CVar settings from Section [ShadowQuality@3] File [D:/UnrealProject/FPS/Saved/Config/Windows/Scalability.ini]
[2021.06.09-15.29.24:606][  0]LogConfig: Setting CVar [[r.LightFunctionQuality:1]]
[2021.06.09-15.29.24:606][  0]LogConfig: Setting CVar [[r.ShadowQuality:5]]
[2021.06.09-15.29.24:606][  0]LogConfig: Setting CVar [[r.Shadow.CSM.MaxCascades:10]]
[2021.06.09-15.29.24:606][  0]LogConfig: Setting CVar [[r.Shadow.MaxResolution:2048]]
[2021.06.09-15.29.24:606][  0]LogConfig: Setting CVar [[r.Shadow.MaxCSMResolution:2048]]
[2021.06.09-15.29.24:606][  0]LogConfig: Setting CVar [[r.Shadow.RadiusThreshold:0.01]]
[2021.06.09-15.29.24:606][  0]LogConfig: Setting CVar [[r.Shadow.DistanceScale:1.0]]
[2021.06.09-15.29.24:606][  0]LogConfig: Setting CVar [[r.Shadow.CSM.TransitionScale:1.0]]
[2021.06.09-15.29.24:606][  0]LogConfig: Setting CVar [[r.Shadow.PreShadowResolutionFactor:1.0]]
[2021.06.09-15.29.24:606][  0]LogConfig: Setting CVar [[r.DistanceFieldShadowing:1]]
[2021.06.09-15.29.24:606][  0]LogConfig: Setting CVar [[r.DistanceFieldAO:1]]
[2021.06.09-15.29.24:606][  0]LogConfig: Setting CVar [[r.AOQuality:2]]
[2021.06.09-15.29.24:606][  0]LogConfig: Setting CVar [[r.VolumetricFog:1]]
[2021.06.09-15.29.24:606][  0]LogConfig: Setting CVar [[r.VolumetricFog.GridPixelSize:8]]
[2021.06.09-15.29.24:606][  0]LogConfig: Setting CVar [[r.VolumetricFog.GridSizeZ:128]]
[2021.06.09-15.29.24:606][  0]LogConfig: Setting CVar [[r.VolumetricFog.HistoryMissSupersampleCount:4]]
[2021.06.09-15.29.24:606][  0]LogConfig: Setting CVar [[r.LightMaxDrawDistanceScale:1]]
[2021.06.09-15.29.24:606][  0]LogConfig: Setting CVar [[r.CapsuleShadows:1]]
[2021.06.09-15.29.24:606][  0]LogConfig: Applying CVar settings from Section [PostProcessQuality@3] File [D:/UnrealProject/FPS/Saved/Config/Windows/Scalability.ini]
[2021.06.09-15.29.24:606][  0]LogConfig: Setting CVar [[r.MotionBlurQuality:4]]
[2021.06.09-15.29.24:606][  0]LogConfig: Setting CVar [[r.AmbientOcclusionMipLevelFactor:0.4]]
[2021.06.09-15.29.24:606][  0]LogConfig: Setting CVar [[r.AmbientOcclusionMaxQuality:100]]
[2021.06.09-15.29.24:606][  0]LogConfig: Setting CVar [[r.AmbientOcclusionLevels:-1]]
[2021.06.09-15.29.24:606][  0]LogConfig: Setting CVar [[r.AmbientOcclusionRadiusScale:1.0]]
[2021.06.09-15.29.24:606][  0]LogConfig: Setting CVar [[r.DepthOfFieldQuality:2]]
[2021.06.09-15.29.24:606][  0]LogConfig: Setting CVar [[r.RenderTargetPoolMin:400]]
[2021.06.09-15.29.24:606][  0]LogConfig: Setting CVar [[r.LensFlareQuality:2]]
[2021.06.09-15.29.24:606][  0]LogConfig: Setting CVar [[r.SceneColorFringeQuality:1]]
[2021.06.09-15.29.24:606][  0]LogConfig: Setting CVar [[r.EyeAdaptationQuality:2]]
[2021.06.09-15.29.24:606][  0]LogConfig: Setting CVar [[r.BloomQuality:5]]
[2021.06.09-15.29.24:606][  0]LogConfig: Setting CVar [[r.FastBlurThreshold:100]]
[2021.06.09-15.29.24:606][  0]LogConfig: Setting CVar [[r.Upscale.Quality:3]]
[2021.06.09-15.29.24:606][  0]LogConfig: Setting CVar [[r.Tonemapper.GrainQuantization:1]]
[2021.06.09-15.29.24:606][  0]LogConfig: Setting CVar [[r.LightShaftQuality:1]]
[2021.06.09-15.29.24:606][  0]LogConfig: Setting CVar [[r.Filter.SizeScale:1]]
[2021.06.09-15.29.24:606][  0]LogConfig: Setting CVar [[r.Tonemapper.Quality:5]]
[2021.06.09-15.29.24:606][  0]LogConfig: Setting CVar [[r.DOF.Gather.AccumulatorQuality:1        ; higher gathering accumulator quality]]
[2021.06.09-15.29.24:606][  0]LogConfig: Setting CVar [[r.DOF.Gather.PostfilterMethod:1          ; Median3x3 postfilering method]]
[2021.06.09-15.29.24:606][  0]LogConfig: Setting CVar [[r.DOF.Gather.EnableBokehSettings:0       ; no bokeh simulation when gathering]]
[2021.06.09-15.29.24:606][  0]LogConfig: Setting CVar [[r.DOF.Gather.RingCount:4                 ; medium number of samples when gathering]]
[2021.06.09-15.29.24:606][  0]LogConfig: Setting CVar [[r.DOF.Scatter.ForegroundCompositing:1    ; additive foreground scattering]]
[2021.06.09-15.29.24:606][  0]LogConfig: Setting CVar [[r.DOF.Scatter.BackgroundCompositing:2    ; additive background scattering]]
[2021.06.09-15.29.24:606][  0]LogConfig: Setting CVar [[r.DOF.Scatter.EnableBokehSettings:1      ; bokeh simulation when scattering]]
[2021.06.09-15.29.24:606][  0]LogConfig: Setting CVar [[r.DOF.Scatter.MaxSpriteRatio:0.1         ; only a maximum of 10% of scattered bokeh]]
[2021.06.09-15.29.24:606][  0]LogConfig: Setting CVar [[r.DOF.Recombine.Quality:1                ; cheap slight out of focus]]
[2021.06.09-15.29.24:606][  0]LogConfig: Setting CVar [[r.DOF.Recombine.EnableBokehSettings:0    ; no bokeh simulation on slight out of focus]]
[2021.06.09-15.29.24:606][  0]LogConfig: Setting CVar [[r.DOF.TemporalAAQuality:1                ; more stable temporal accumulation]]
[2021.06.09-15.29.24:606][  0]LogConfig: Setting CVar [[r.DOF.Kernel.MaxForegroundRadius:0.025]]
[2021.06.09-15.29.24:606][  0]LogConfig: Setting CVar [[r.DOF.Kernel.MaxBackgroundRadius:0.025]]
[2021.06.09-15.29.24:606][  0]LogConfig: Applying CVar settings from Section [TextureQuality@3] File [D:/UnrealProject/FPS/Saved/Config/Windows/Scalability.ini]
[2021.06.09-15.29.24:606][  0]LogConfig: Setting CVar [[r.Streaming.MipBias:0]]
[2021.06.09-15.29.24:606][  0]LogConfig: Setting CVar [[r.Streaming.AmortizeCPUToGPUCopy:0]]
[2021.06.09-15.29.24:606][  0]LogConfig: Setting CVar [[r.Streaming.MaxNumTexturesToStreamPerFrame:0]]
[2021.06.09-15.29.24:606][  0]LogConfig: Setting CVar [[r.Streaming.Boost:1]]
[2021.06.09-15.29.24:606][  0]LogConfig: Setting CVar [[r.MaxAnisotropy:8]]
[2021.06.09-15.29.24:606][  0]LogConfig: Setting CVar [[r.VT.MaxAnisotropy:8]]
[2021.06.09-15.29.24:606][  0]LogConfig: Setting CVar [[r.Streaming.LimitPoolSizeToVRAM:0]]
[2021.06.09-15.29.24:606][  0]LogConfig: Setting CVar [[r.Streaming.PoolSize:1000]]
[2021.06.09-15.29.24:606][  0]LogConfig: Setting CVar [[r.Streaming.MaxEffectiveScreenSize:0]]
[2021.06.09-15.29.24:606][  0]LogConfig: Applying CVar settings from Section [EffectsQuality@3] File [D:/UnrealProject/FPS/Saved/Config/Windows/Scalability.ini]
[2021.06.09-15.29.24:606][  0]LogConfig: Setting CVar [[r.TranslucencyLightingVolumeDim:64]]
[2021.06.09-15.29.24:606][  0]LogConfig: Setting CVar [[r.RefractionQuality:2]]
[2021.06.09-15.29.24:606][  0]LogConfig: Setting CVar [[r.SSR.Quality:3]]
[2021.06.09-15.29.24:606][  0]LogConfig: Setting CVar [[r.SSR.HalfResSceneColor:0]]
[2021.06.09-15.29.24:606][  0]LogConfig: Setting CVar [[r.SceneColorFormat:4]]
[2021.06.09-15.29.24:607][  0]LogConfig: Setting CVar [[r.DetailMode:2]]
[2021.06.09-15.29.24:607][  0]LogConfig: Setting CVar [[r.TranslucencyVolumeBlur:1]]
[2021.06.09-15.29.24:607][  0]LogConfig: Setting CVar [[r.MaterialQualityLevel:1 ; High quality]]
[2021.06.09-15.29.24:607][  0]LogConfig: Setting CVar [[r.SSS.Scale:1]]
[2021.06.09-15.29.24:607][  0]LogConfig: Setting CVar [[r.SSS.SampleSet:2]]
[2021.06.09-15.29.24:607][  0]LogConfig: Setting CVar [[r.SSS.Quality:1]]
[2021.06.09-15.29.24:607][  0]LogConfig: Setting CVar [[r.SSS.HalfRes:0]]
[2021.06.09-15.29.24:607][  0]LogConfig: Setting CVar [[r.SSGI.Quality:3]]
[2021.06.09-15.29.24:607][  0]LogConfig: Setting CVar [[r.EmitterSpawnRateScale:1.0]]
[2021.06.09-15.29.24:607][  0]LogConfig: Setting CVar [[r.ParticleLightQuality:2]]
[2021.06.09-15.29.24:607][  0]LogConfig: Setting CVar [[r.SkyAtmosphere.AerialPerspectiveLUT.FastApplyOnOpaque:1 ; Always have FastSkyLUT 1 in this case to avoid wrong sky]]
[2021.06.09-15.29.24:607][  0]LogConfig: Setting CVar [[r.SkyAtmosphere.AerialPerspectiveLUT.SampleCountPerSlice:1]]
[2021.06.09-15.29.24:607][  0]LogConfig: Setting CVar [[r.SkyAtmosphere.AerialPerspectiveLUT.DepthResolution:16.0]]
[2021.06.09-15.29.24:607][  0]LogConfig: Setting CVar [[r.SkyAtmosphere.FastSkyLUT:1]]
[2021.06.09-15.29.24:607][  0]LogConfig: Setting CVar [[r.SkyAtmosphere.FastSkyLUT.SampleCountMin:4.0]]
[2021.06.09-15.29.24:607][  0]LogConfig: Setting CVar [[r.SkyAtmosphere.FastSkyLUT.SampleCountMax:32.0]]
[2021.06.09-15.29.24:607][  0]LogConfig: Setting CVar [[r.SkyAtmosphere.SampleCountMin:4.0]]
[2021.06.09-15.29.24:607][  0]LogConfig: Setting CVar [[r.SkyAtmosphere.SampleCountMax:32.0]]
[2021.06.09-15.29.24:607][  0]LogConfig: Setting CVar [[r.SkyAtmosphere.TransmittanceLUT.UseSmallFormat:0]]
[2021.06.09-15.29.24:607][  0]LogConfig: Setting CVar [[r.SkyAtmosphere.TransmittanceLUT.SampleCount:10.0]]
[2021.06.09-15.29.24:607][  0]LogConfig: Setting CVar [[r.SkyAtmosphere.MultiScatteringLUT.SampleCount:15.0]]
[2021.06.09-15.29.24:607][  0]LogConfig: Applying CVar settings from Section [FoliageQuality@3] File [D:/UnrealProject/FPS/Saved/Config/Windows/Scalability.ini]
[2021.06.09-15.29.24:607][  0]LogConfig: Setting CVar [[foliage.DensityScale:1.0]]
[2021.06.09-15.29.24:607][  0]LogConfig: Setting CVar [[grass.DensityScale:1.0]]
[2021.06.09-15.29.24:607][  0]LogConfig: Applying CVar settings from Section [ShadingQuality@3] File [D:/UnrealProject/FPS/Saved/Config/Windows/Scalability.ini]
[2021.06.09-15.29.24:607][  0]LogConfig: Setting CVar [[r.HairStrands.SkyLighting.SampleCount:16]]
[2021.06.09-15.29.24:607][  0]LogConfig: Setting CVar [[r.HairStrands.SkyLighting.JitterIntegration:0]]
[2021.06.09-15.29.24:607][  0]LogConfig: Setting CVar [[r.HairStrands.SkyAO.SampleCount:16]]
[2021.06.09-15.29.24:607][  0]LogConfig: Setting CVar [[r.HairStrands.DeepShadow.SuperSampling:0]]
[2021.06.09-15.29.24:607][  0]LogConfig: Setting CVar [[r.HairStrands.VisibilityPPLL:0]]
[2021.06.09-15.29.24:607][  0]LogConfig: Setting CVar [[r.HairStrands.RasterizationScale:0.5]]
[2021.06.09-15.29.24:607][  0]LogConfig: Setting CVar [[r.HairStrands.VelocityRasterizationScale:1]]
[2021.06.09-15.29.24:607][  0]LogInit: Selected Device Profile: [Windows]
[2021.06.09-15.29.24:607][  0]LogInit: Applying CVar settings loaded from the selected device profile: [Windows]
[2021.06.09-15.29.24:607][  0]LogHAL: Display: Platform has ~ 8 GB [8538386432 / 8589934592 / 8], which maps to Default [LargestMinGB=32, LargerMinGB=12, DefaultMinGB=8, SmallerMinGB=6, SmallestMinGB=0)
[2021.06.09-15.29.24:607][  0]LogInit: Going up to parent DeviceProfile []
[2021.06.09-15.29.24:607][  0]LogConfig: Applying CVar settings from Section [ViewDistanceQuality@3] File [D:/UnrealProject/FPS/Saved/Config/Windows/Scalability.ini]
[2021.06.09-15.29.24:607][  0]LogConfig: Setting CVar [[r.SkeletalMeshLODBias:0]]
[2021.06.09-15.29.24:607][  0]LogConfig: Setting CVar [[r.ViewDistanceScale:1.0]]
[2021.06.09-15.29.24:607][  0]LogConfig: Applying CVar settings from Section [AntiAliasingQuality@3] File [D:/UnrealProject/FPS/Saved/Config/Windows/Scalability.ini]
[2021.06.09-15.29.24:607][  0]LogConfig: Setting CVar [[r.PostProcessAAQuality:4]]
[2021.06.09-15.29.24:607][  0]LogConfig: Applying CVar settings from Section [ShadowQuality@3] File [D:/UnrealProject/FPS/Saved/Config/Windows/Scalability.ini]
[2021.06.09-15.29.24:607][  0]LogConfig: Setting CVar [[r.LightFunctionQuality:1]]
[2021.06.09-15.29.24:607][  0]LogConfig: Setting CVar [[r.ShadowQuality:5]]
[2021.06.09-15.29.24:607][  0]LogConfig: Setting CVar [[r.Shadow.CSM.MaxCascades:10]]
[2021.06.09-15.29.24:607][  0]LogConfig: Setting CVar [[r.Shadow.MaxResolution:2048]]
[2021.06.09-15.29.24:607][  0]LogConfig: Setting CVar [[r.Shadow.MaxCSMResolution:2048]]
[2021.06.09-15.29.24:607][  0]LogConfig: Setting CVar [[r.Shadow.RadiusThreshold:0.01]]
[2021.06.09-15.29.24:607][  0]LogConfig: Setting CVar [[r.Shadow.DistanceScale:1.0]]
[2021.06.09-15.29.24:607][  0]LogConfig: Setting CVar [[r.Shadow.CSM.TransitionScale:1.0]]
[2021.06.09-15.29.24:607][  0]LogConfig: Setting CVar [[r.Shadow.PreShadowResolutionFactor:1.0]]
[2021.06.09-15.29.24:607][  0]LogConfig: Setting CVar [[r.DistanceFieldShadowing:1]]
[2021.06.09-15.29.24:607][  0]LogConfig: Setting CVar [[r.DistanceFieldAO:1]]
[2021.06.09-15.29.24:607][  0]LogConfig: Setting CVar [[r.AOQuality:2]]
[2021.06.09-15.29.24:607][  0]LogConfig: Setting CVar [[r.VolumetricFog:1]]
[2021.06.09-15.29.24:607][  0]LogConfig: Setting CVar [[r.VolumetricFog.GridPixelSize:8]]
[2021.06.09-15.29.24:607][  0]LogConfig: Setting CVar [[r.VolumetricFog.GridSizeZ:128]]
[2021.06.09-15.29.24:607][  0]LogConfig: Setting CVar [[r.VolumetricFog.HistoryMissSupersampleCount:4]]
[2021.06.09-15.29.24:608][  0]LogConfig: Setting CVar [[r.LightMaxDrawDistanceScale:1]]
[2021.06.09-15.29.24:608][  0]LogConfig: Setting CVar [[r.CapsuleShadows:1]]
[2021.06.09-15.29.24:608][  0]LogConfig: Applying CVar settings from Section [PostProcessQuality@3] File [D:/UnrealProject/FPS/Saved/Config/Windows/Scalability.ini]
[2021.06.09-15.29.24:608][  0]LogConfig: Setting CVar [[r.MotionBlurQuality:4]]
[2021.06.09-15.29.24:608][  0]LogConfig: Setting CVar [[r.AmbientOcclusionMipLevelFactor:0.4]]
[2021.06.09-15.29.24:608][  0]LogConfig: Setting CVar [[r.AmbientOcclusionMaxQuality:100]]
[2021.06.09-15.29.24:608][  0]LogConfig: Setting CVar [[r.AmbientOcclusionLevels:-1]]
[2021.06.09-15.29.24:608][  0]LogConfig: Setting CVar [[r.AmbientOcclusionRadiusScale:1.0]]
[2021.06.09-15.29.24:608][  0]LogConfig: Setting CVar [[r.DepthOfFieldQuality:2]]
[2021.06.09-15.29.24:608][  0]LogConfig: Setting CVar [[r.RenderTargetPoolMin:400]]
[2021.06.09-15.29.24:608][  0]LogConfig: Setting CVar [[r.LensFlareQuality:2]]
[2021.06.09-15.29.24:608][  0]LogConfig: Setting CVar [[r.SceneColorFringeQuality:1]]
[2021.06.09-15.29.24:608][  0]LogConfig: Setting CVar [[r.EyeAdaptationQuality:2]]
[2021.06.09-15.29.24:608][  0]LogConfig: Setting CVar [[r.BloomQuality:5]]
[2021.06.09-15.29.24:608][  0]LogConfig: Setting CVar [[r.FastBlurThreshold:100]]
[2021.06.09-15.29.24:608][  0]LogConfig: Setting CVar [[r.Upscale.Quality:3]]
[2021.06.09-15.29.24:608][  0]LogConfig: Setting CVar [[r.Tonemapper.GrainQuantization:1]]
[2021.06.09-15.29.24:608][  0]LogConfig: Setting CVar [[r.LightShaftQuality:1]]
[2021.06.09-15.29.24:608][  0]LogConfig: Setting CVar [[r.Filter.SizeScale:1]]
[2021.06.09-15.29.24:608][  0]LogConfig: Setting CVar [[r.Tonemapper.Quality:5]]
[2021.06.09-15.29.24:608][  0]LogConfig: Setting CVar [[r.DOF.Gather.AccumulatorQuality:1        ; higher gathering accumulator quality]]
[2021.06.09-15.29.24:608][  0]LogConfig: Setting CVar [[r.DOF.Gather.PostfilterMethod:1          ; Median3x3 postfilering method]]
[2021.06.09-15.29.24:608][  0]LogConfig: Setting CVar [[r.DOF.Gather.EnableBokehSettings:0       ; no bokeh simulation when gathering]]
[2021.06.09-15.29.24:608][  0]LogConfig: Setting CVar [[r.DOF.Gather.RingCount:4                 ; medium number of samples when gathering]]
[2021.06.09-15.29.24:608][  0]LogConfig: Setting CVar [[r.DOF.Scatter.ForegroundCompositing:1    ; additive foreground scattering]]
[2021.06.09-15.29.24:608][  0]LogConfig: Setting CVar [[r.DOF.Scatter.BackgroundCompositing:2    ; additive background scattering]]
[2021.06.09-15.29.24:608][  0]LogConfig: Setting CVar [[r.DOF.Scatter.EnableBokehSettings:1      ; bokeh simulation when scattering]]
[2021.06.09-15.29.24:608][  0]LogConfig: Setting CVar [[r.DOF.Scatter.MaxSpriteRatio:0.1         ; only a maximum of 10% of scattered bokeh]]
[2021.06.09-15.29.24:608][  0]LogConfig: Setting CVar [[r.DOF.Recombine.Quality:1                ; cheap slight out of focus]]
[2021.06.09-15.29.24:608][  0]LogConfig: Setting CVar [[r.DOF.Recombine.EnableBokehSettings:0    ; no bokeh simulation on slight out of focus]]
[2021.06.09-15.29.24:608][  0]LogConfig: Setting CVar [[r.DOF.TemporalAAQuality:1                ; more stable temporal accumulation]]
[2021.06.09-15.29.24:608][  0]LogConfig: Setting CVar [[r.DOF.Kernel.MaxForegroundRadius:0.025]]
[2021.06.09-15.29.24:608][  0]LogConfig: Setting CVar [[r.DOF.Kernel.MaxBackgroundRadius:0.025]]
[2021.06.09-15.29.24:608][  0]LogConfig: Applying CVar settings from Section [TextureQuality@3] File [D:/UnrealProject/FPS/Saved/Config/Windows/Scalability.ini]
[2021.06.09-15.29.24:608][  0]LogConfig: Setting CVar [[r.Streaming.MipBias:0]]
[2021.06.09-15.29.24:608][  0]LogConfig: Setting CVar [[r.Streaming.AmortizeCPUToGPUCopy:0]]
[2021.06.09-15.29.24:608][  0]LogConfig: Setting CVar [[r.Streaming.MaxNumTexturesToStreamPerFrame:0]]
[2021.06.09-15.29.24:608][  0]LogConfig: Setting CVar [[r.Streaming.Boost:1]]
[2021.06.09-15.29.24:608][  0]LogConfig: Setting CVar [[r.MaxAnisotropy:8]]
[2021.06.09-15.29.24:608][  0]LogConfig: Setting CVar [[r.VT.MaxAnisotropy:8]]
[2021.06.09-15.29.24:608][  0]LogConfig: Setting CVar [[r.Streaming.LimitPoolSizeToVRAM:0]]
[2021.06.09-15.29.24:608][  0]LogConfig: Setting CVar [[r.Streaming.PoolSize:1000]]
[2021.06.09-15.29.24:608][  0]LogConfig: Setting CVar [[r.Streaming.MaxEffectiveScreenSize:0]]
[2021.06.09-15.29.24:608][  0]LogConfig: Applying CVar settings from Section [EffectsQuality@3] File [D:/UnrealProject/FPS/Saved/Config/Windows/Scalability.ini]
[2021.06.09-15.29.24:608][  0]LogConfig: Setting CVar [[r.TranslucencyLightingVolumeDim:64]]
[2021.06.09-15.29.24:608][  0]LogConfig: Setting CVar [[r.RefractionQuality:2]]
[2021.06.09-15.29.24:608][  0]LogConfig: Setting CVar [[r.SSR.Quality:3]]
[2021.06.09-15.29.24:608][  0]LogConfig: Setting CVar [[r.SSR.HalfResSceneColor:0]]
[2021.06.09-15.29.24:608][  0]LogConfig: Setting CVar [[r.SceneColorFormat:4]]
[2021.06.09-15.29.24:608][  0]LogConfig: Setting CVar [[r.DetailMode:2]]
[2021.06.09-15.29.24:608][  0]LogConfig: Setting CVar [[r.TranslucencyVolumeBlur:1]]
[2021.06.09-15.29.24:608][  0]LogConfig: Setting CVar [[r.MaterialQualityLevel:1 ; High quality]]
[2021.06.09-15.29.24:608][  0]LogConfig: Setting CVar [[r.SSS.Scale:1]]
[2021.06.09-15.29.24:608][  0]LogConfig: Setting CVar [[r.SSS.SampleSet:2]]
[2021.06.09-15.29.24:608][  0]LogConfig: Setting CVar [[r.SSS.Quality:1]]
[2021.06.09-15.29.24:608][  0]LogConfig: Setting CVar [[r.SSS.HalfRes:0]]
[2021.06.09-15.29.24:608][  0]LogConfig: Setting CVar [[r.SSGI.Quality:3]]
[2021.06.09-15.29.24:608][  0]LogConfig: Setting CVar [[r.EmitterSpawnRateScale:1.0]]
[2021.06.09-15.29.24:608][  0]LogConfig: Setting CVar [[r.ParticleLightQuality:2]]
[2021.06.09-15.29.24:609][  0]LogConfig: Setting CVar [[r.SkyAtmosphere.AerialPerspectiveLUT.FastApplyOnOpaque:1 ; Always have FastSkyLUT 1 in this case to avoid wrong sky]]
[2021.06.09-15.29.24:609][  0]LogConfig: Setting CVar [[r.SkyAtmosphere.AerialPerspectiveLUT.SampleCountPerSlice:1]]
[2021.06.09-15.29.24:609][  0]LogConfig: Setting CVar [[r.SkyAtmosphere.AerialPerspectiveLUT.DepthResolution:16.0]]
[2021.06.09-15.29.24:609][  0]LogConfig: Setting CVar [[r.SkyAtmosphere.FastSkyLUT:1]]
[2021.06.09-15.29.24:609][  0]LogConfig: Setting CVar [[r.SkyAtmosphere.FastSkyLUT.SampleCountMin:4.0]]
[2021.06.09-15.29.24:609][  0]LogConfig: Setting CVar [[r.SkyAtmosphere.FastSkyLUT.SampleCountMax:32.0]]
[2021.06.09-15.29.24:609][  0]LogConfig: Setting CVar [[r.SkyAtmosphere.SampleCountMin:4.0]]
[2021.06.09-15.29.24:609][  0]LogConfig: Setting CVar [[r.SkyAtmosphere.SampleCountMax:32.0]]
[2021.06.09-15.29.24:609][  0]LogConfig: Setting CVar [[r.SkyAtmosphere.TransmittanceLUT.UseSmallFormat:0]]
[2021.06.09-15.29.24:609][  0]LogConfig: Setting CVar [[r.SkyAtmosphere.TransmittanceLUT.SampleCount:10.0]]
[2021.06.09-15.29.24:609][  0]LogConfig: Setting CVar [[r.SkyAtmosphere.MultiScatteringLUT.SampleCount:15.0]]
[2021.06.09-15.29.24:609][  0]LogConfig: Applying CVar settings from Section [FoliageQuality@3] File [D:/UnrealProject/FPS/Saved/Config/Windows/Scalability.ini]
[2021.06.09-15.29.24:609][  0]LogConfig: Setting CVar [[foliage.DensityScale:1.0]]
[2021.06.09-15.29.24:609][  0]LogConfig: Setting CVar [[grass.DensityScale:1.0]]
[2021.06.09-15.29.24:609][  0]LogConfig: Applying CVar settings from Section [ShadingQuality@3] File [D:/UnrealProject/FPS/Saved/Config/Windows/Scalability.ini]
[2021.06.09-15.29.24:609][  0]LogConfig: Setting CVar [[r.HairStrands.SkyLighting.SampleCount:16]]
[2021.06.09-15.29.24:609][  0]LogConfig: Setting CVar [[r.HairStrands.SkyLighting.JitterIntegration:0]]
[2021.06.09-15.29.24:609][  0]LogConfig: Setting CVar [[r.HairStrands.SkyAO.SampleCount:16]]
[2021.06.09-15.29.24:609][  0]LogConfig: Setting CVar [[r.HairStrands.DeepShadow.SuperSampling:0]]
[2021.06.09-15.29.24:609][  0]LogConfig: Setting CVar [[r.HairStrands.VisibilityPPLL:0]]
[2021.06.09-15.29.24:609][  0]LogConfig: Setting CVar [[r.HairStrands.RasterizationScale:0.5]]
[2021.06.09-15.29.24:609][  0]LogConfig: Setting CVar [[r.HairStrands.VelocityRasterizationScale:1]]
[2021.06.09-15.29.24:609][  0]LogConfig: Applying CVar settings from Section [Startup] File [../../../Engine/Config/ConsoleVariables.ini]
[2021.06.09-15.29.24:616][  0]LogConfig: Setting CVar [[net.UseAdaptiveNetUpdateFrequency:0]]
[2021.06.09-15.29.24:616][  0]LogConfig: Setting CVar [[p.chaos.AllowCreatePhysxBodies:1]]
[2021.06.09-15.29.24:616][  0]LogConfig: Setting CVar [[fx.SkipVectorVMBackendOptimizations:1]]
[2021.06.09-15.29.24:616][  0]LogConfig: Applying CVar settings from Section [ConsoleVariables] File [D:/UnrealProject/FPS/Saved/Config/Windows/Engine.ini]
[2021.06.09-15.29.24:616][  0]LogInit: Computer: DESKTOP-FT7K6PI
[2021.06.09-15.29.24:616][  0]LogInit: User: WhyNot32
[2021.06.09-15.29.24:616][  0]LogInit: CPU Page size=4096, Cores=6
[2021.06.09-15.29.24:616][  0]LogInit: High frequency timer resolution =10.000000 MHz
[2021.06.09-15.29.24:616][  0]LogMemory: Memory total: Physical=8.0GB (8GB approx)
[2021.06.09-15.29.24:616][  0]LogMemory: Platform Memory Stats for Windows
[2021.06.09-15.29.24:616][  0]LogMemory: Process Physical Memory: 117.59 MB used, 117.60 MB peak
[2021.06.09-15.29.24:616][  0]LogMemory: Process Virtual Memory: 97.48 MB used, 97.48 MB peak
[2021.06.09-15.29.24:616][  0]LogMemory: Physical Memory: 3656.26 MB used,  4486.58 MB free, 8142.84 MB total
[2021.06.09-15.29.24:616][  0]LogMemory: Virtual Memory: 5167.00 MB used,  134212560.00 MB free, 134217728.00 MB total
[2021.06.09-15.29.24:618][  0]LogWindows: WindowsPlatformFeatures enabled
[2021.06.09-15.29.24:971][  0]LogInit: Physics initialised using underlying interface: PhysX
[2021.06.09-15.29.24:972][  0]LogInit: Overriding language with editor language configuration option (en).
[2021.06.09-15.29.24:972][  0]LogInit: Overriding locale with editor culture configuration option ().
[2021.06.09-15.29.24:972][  0]LogInit: Using OS detected locale (zh-CN).
[2021.06.09-15.29.25:853][  0]LogInit: Setting process to per monitor DPI aware
[2021.06.09-15.29.26:329][  0]LogSlate: New Slate User Created.  User Index 0, Is Virtual User: 0
[2021.06.09-15.29.26:329][  0]LogSlate: Slate User Registered.  User Index 0, Is Virtual User: 0
[2021.06.09-15.29.27:119][  0]LogHMD: Failed to initialize OpenVR with code 126
[2021.06.09-15.29.27:119][  0]LogD3D11RHI: D3D11 min allowed feature level: 11_0
[2021.06.09-15.29.27:119][  0]LogD3D11RHI: D3D11 max allowed feature level: 11_0
[2021.06.09-15.29.27:119][  0]LogD3D11RHI: D3D11 adapters:
[2021.06.09-15.29.27:162][  0]LogD3D11RHI:    0. 'Radeon RX 590 Series' (Feature Level 11_0)
[2021.06.09-15.29.27:162][  0]LogD3D11RHI:       8171/0/4071 MB DedicatedVideo/DedicatedSystem/SharedSystem, Outputs:1, VendorId:0x1002
[2021.06.09-15.29.27:164][  0]LogD3D11RHI:    1. 'Microsoft Basic Render Driver' (Feature Level 11_0)
[2021.06.09-15.29.27:164][  0]LogD3D11RHI:       0/0/4071 MB DedicatedVideo/DedicatedSystem/SharedSystem, Outputs:0, VendorId:0x1414
[2021.06.09-15.29.27:165][  0]LogD3D11RHI: Chosen D3D11 Adapter: 0
[2021.06.09-15.29.27:172][  0]LogD3D11RHI: Creating new Direct3DDevice
[2021.06.09-15.29.27:172][  0]LogD3D11RHI:     GPU DeviceId: 0x67df (for the marketing name, search the web for "GPU Device Id")
[2021.06.09-15.29.27:172][  0]LogWindows: EnumDisplayDevices:
[2021.06.09-15.29.27:172][  0]LogWindows:    0. 'Radeon RX 590 Series' (P:1 D:1)
[2021.06.09-15.29.27:172][  0]LogWindows:    1. 'Radeon RX 590 Series' (P:0 D:0)
[2021.06.09-15.29.27:173][  0]LogWindows:    2. 'Radeon RX 590 Series' (P:0 D:0)
[2021.06.09-15.29.27:173][  0]LogWindows:    3. 'Radeon RX 590 Series' (P:0 D:0)
[2021.06.09-15.29.27:174][  0]LogWindows:    4. 'Radeon RX 590 Series' (P:0 D:0)
[2021.06.09-15.29.27:174][  0]LogWindows:    5. 'Radeon RX 590 Series' (P:0 D:0)
[2021.06.09-15.29.27:175][  0]LogWindows:    6. 'Radeon RX 590 Series' (P:0 D:0)
[2021.06.09-15.29.27:175][  0]LogWindows:    7. 'Radeon RX 590 Series' (P:0 D:0)
[2021.06.09-15.29.27:176][  0]LogWindows: DebugString: FoundDriverCount:8 
[2021.06.09-15.29.27:176][  0]LogD3D11RHI:     Adapter Name: Radeon RX 590 Series
[2021.06.09-15.29.27:176][  0]LogD3D11RHI:   Driver Version: Adrenalin 2020 20.11.1 (internal:27.20.12033.2007, unified:27.20.12033.2007)
[2021.06.09-15.29.27:176][  0]LogD3D11RHI:      Driver Date: 11-4-2020
[2021.06.09-15.29.27:176][  0]LogRHI: Texture pool is 5182 MB (70% of 7403 MB)
[2021.06.09-15.29.27:251][  0]LogD3D11RHI: RHI has support for 64 bit atomics
[2021.06.09-15.29.27:251][  0]LogD3D11RHI: Async texture creation enabled
[2021.06.09-15.29.27:251][  0]LogD3D11RHI: Array index from any shader is supported
[2021.06.09-15.29.27:263][  0]LogD3D11RHI: GPU Timing Frequency: 25.000000 (Debug: 2 1)
[2021.06.09-15.29.28:776][  0]LogTargetPlatformManager: Display: Loaded TargetPlatform 'AllDesktop'
[2021.06.09-15.29.28:828][  0]LogTargetPlatformManager: Display: Loaded TargetPlatform 'Android'
[2021.06.09-15.29.28:828][  0]LogTargetPlatformManager: Display: Loaded TargetPlatform 'Android_ASTC'
[2021.06.09-15.29.28:828][  0]LogTargetPlatformManager: Display: Loaded TargetPlatform 'Android_DXT'
[2021.06.09-15.29.28:828][  0]LogTargetPlatformManager: Display: Loaded TargetPlatform 'Android_ETC2'
[2021.06.09-15.29.28:828][  0]LogTargetPlatformManager: Display: Loaded TargetPlatform 'AndroidClient'
[2021.06.09-15.29.28:828][  0]LogTargetPlatformManager: Display: Loaded TargetPlatform 'Android_ASTCClient'
[2021.06.09-15.29.28:828][  0]LogTargetPlatformManager: Display: Loaded TargetPlatform 'Android_DXTClient'
[2021.06.09-15.29.28:828][  0]LogTargetPlatformManager: Display: Loaded TargetPlatform 'Android_ETC2Client'
[2021.06.09-15.29.28:828][  0]LogTargetPlatformManager: Display: Loaded TargetPlatform 'Android_Multi'
[2021.06.09-15.29.28:828][  0]LogTargetPlatformManager: Display: Loaded TargetPlatform 'Android_MultiClient'
[2021.06.09-15.29.29:055][  0]LogTargetPlatformManager: Display: Loaded TargetPlatform 'IOSClient'
[2021.06.09-15.29.29:055][  0]LogTargetPlatformManager: Display: Loaded TargetPlatform 'IOS'
[2021.06.09-15.29.29:084][  0]LogTargetPlatformManager: Display: Loaded TargetPlatform 'Linux'
[2021.06.09-15.29.29:111][  0]LogTargetPlatformManager: Display: Loaded TargetPlatform 'LinuxNoEditor'
[2021.06.09-15.29.29:127][  0]LogTargetPlatformManager: Display: Loaded TargetPlatform 'LinuxClient'
[2021.06.09-15.29.29:146][  0]LogTargetPlatformManager: Display: Loaded TargetPlatform 'LinuxServer'
[2021.06.09-15.29.29:166][  0]LogTargetPlatformManager: Display: Loaded TargetPlatform 'LinuxAArch64NoEditor'
[2021.06.09-15.29.29:181][  0]LogTargetPlatformManager: Display: Loaded TargetPlatform 'LinuxAArch64Client'
[2021.06.09-15.29.29:202][  0]LogTargetPlatformManager: Display: Loaded TargetPlatform 'LinuxAArch64Server'
[2021.06.09-15.29.29:260][  0]LogTargetPlatformManager: Display: Loaded TargetPlatform 'Lumin'
[2021.06.09-15.29.29:260][  0]LogTargetPlatformManager: Display: Loaded TargetPlatform 'LuminClient'
[2021.06.09-15.29.29:467][  0]LogTargetPlatformManager: Display: Loaded TargetPlatform 'TVOSClient'
[2021.06.09-15.29.29:467][  0]LogTargetPlatformManager: Display: Loaded TargetPlatform 'TVOS'
[2021.06.09-15.29.29:509][  0]LogTargetPlatformManager: Display: Loaded TargetPlatform 'WindowsNoEditor'
[2021.06.09-15.29.29:558][  0]LogTargetPlatformManager: Display: Loaded TargetPlatform 'Windows'
[2021.06.09-15.29.29:582][  0]LogTargetPlatformManager: Display: Loaded TargetPlatform 'WindowsClient'
[2021.06.09-15.29.29:658][  0]LogTargetPlatformManager: Display: Loaded TargetPlatform 'WindowsServer'
[2021.06.09-15.29.29:658][  0]LogTargetPlatformManager: Display: Building Assets For Windows
[2021.06.09-15.29.30:222][  0]LogAudioDebug: Display: Lib vorbis DLL was dynamically loaded.
[2021.06.09-15.29.30:602][  0]LogShaderCompilers: Guid format shader working directory is 16 characters bigger than the processId version (../../../../../UnrealProject/FPS/Intermediate/Shaders/WorkingDirectory/11200/).
[2021.06.09-15.29.30:603][  0]LogShaderCompilers: Cleaned the shader compiler working directory 'C:/Users/WhyNot32/AppData/Local/Temp/UnrealShaderWorkingDir/8134E28A4CC81191ED4240B4FF4367B4/'.
[2021.06.09-15.29.30:603][  0]LogXGEController: Cleaning working directory: C:/Users/WhyNot32/AppData/Local/Temp/UnrealXGEWorkingDir/
[2021.06.09-15.29.30:603][  0]LogXGEController: Cannot use XGE Controller as Incredibuild is not installed on this machine.
[2021.06.09-15.29.30:603][  0]LogShaderCompilers: Cannot use XGE Shader Compiler as Incredibuild is not installed on this machine.
[2021.06.09-15.29.30:603][  0]LogShaderCompilers: Display: Using Local Shader Compiler.
[2021.06.09-15.29.32:607][  0]LogDerivedDataCache: Display: Max Cache Size: 512 MB
[2021.06.09-15.29.32:737][  0]LogDerivedDataCache: Loaded boot cache 0.13s 75MB C:/Users/WhyNot32/AppData/Local/UnrealEngine/4.25/DerivedDataCache/Boot.ddc.
[2021.06.09-15.29.32:737][  0]LogDerivedDataCache: Display: Loaded Boot cache: C:/Users/WhyNot32/AppData/Local/UnrealEngine/4.25/DerivedDataCache/Boot.ddc
[2021.06.09-15.29.32:737][  0]LogDerivedDataCache: FDerivedDataBackendGraph:  Pak pak cache file ../../../../../UnrealProject/FPS/DerivedDataCache/DDC.ddp not found, will not use a pak cache.
[2021.06.09-15.29.32:737][  0]LogDerivedDataCache: Unable to find inner node Pak for hierarchical cache Hierarchy.
[2021.06.09-15.29.32:737][  0]LogDerivedDataCache: FDerivedDataBackendGraph:  CompressedPak pak cache file ../../../../../UnrealProject/FPS/DerivedDataCache/Compressed.ddp not found, will not use a pak cache.
[2021.06.09-15.29.32:737][  0]LogDerivedDataCache: Unable to find inner node CompressedPak for hierarchical cache Hierarchy.
[2021.06.09-15.29.32:750][  0]LogDerivedDataCache: Display: Pak cache opened for reading ../../../Engine/DerivedDataCache/Compressed.ddp.
[2021.06.09-15.29.32:750][  0]LogDerivedDataCache: FDerivedDataBackendGraph:  EnterprisePak pak cache file ../../../Enterprise/DerivedDataCache/Compressed.ddp not found, will not use a pak cache.
[2021.06.09-15.29.32:750][  0]LogDerivedDataCache: Unable to find inner node EnterprisePak for hierarchical cache Hierarchy.
[2021.06.09-15.29.32:752][  0]LogDerivedDataCache: Using Local data cache path C:/Users/WhyNot32/AppData/Local/UnrealEngine/Common/DerivedDataCache: Writable
[2021.06.09-15.29.32:752][  0]LogDerivedDataCache: Shared data cache path not found in *engine.ini, will not use an Shared cache.
[2021.06.09-15.29.32:752][  0]LogDerivedDataCache: Unable to find inner node Shared for hierarchical cache Hierarchy.
[2021.06.09-15.29.32:811][  0]LogSlate: Using FreeType 2.10.0
[2021.06.09-15.29.32:939][  0]LogSlate: SlateFontServices - WITH_FREETYPE: 1, WITH_HARFBUZZ: 1
[2021.06.09-15.29.33:278][  0]LogAssetRegistry: FAssetRegistry took 0.0030 seconds to start up
[2021.06.09-15.29.33:544][  0]LogInit: Selected Device Profile: [Windows]
[2021.06.09-15.29.34:588][  0]LogMeshReduction: Using QuadricMeshReduction for automatic static mesh reduction
[2021.06.09-15.29.34:588][  0]LogMeshReduction: Using SimplygonMeshReduction for automatic skeletal mesh reduction
[2021.06.09-15.29.34:588][  0]LogMeshReduction: Using ProxyLODMeshReduction for automatic mesh merging
[2021.06.09-15.29.34:588][  0]LogMeshReduction: No distributed automatic mesh merging module available
[2021.06.09-15.29.34:588][  0]LogMeshMerging: No distributed automatic mesh merging module available
[2021.06.09-15.29.34:712][  0]LogNetVersion: FPS 1.0.0, NetCL: 13144385, EngineNetVer: 14, GameNetVer: 0 (Checksum: 3609810005)
[2021.06.09-15.29.43:007][  0]LogAISub: UAISubsystem::UAISubsystem AISubsystem (000001D636AC43C0), frame # 0
[2021.06.09-15.29.43:008][  0]LogAISub: UAISubsystem::UAISubsystem AIPerceptionSystem (000001D62897EAC0), frame # 0
[2021.06.09-15.29.43:009][  0]LogAISub: UAISubsystem::UAISubsystem EnvQueryManager (000001D6289D1C00), frame # 0
[2021.06.09-15.29.43:187][  0]LogPackageLocalizationCache: Processed 19 localized package path(s) for 1 prioritized culture(s) in 0.171974 seconds
[2021.06.09-15.29.43:193][  0]LogUObjectArray: 15917 objects as part of root set at end of initial load.
[2021.06.09-15.29.43:193][  0]LogUObjectAllocator: 3965568 out of 0 bytes used by permanent object pool.
[2021.06.09-15.29.43:193][  0]LogUObjectArray: CloseDisregardForGC: 0/0 objects in disregard for GC pool
[2021.06.09-15.29.46:860][  0]LogTcpMessaging: Initializing TcpMessaging bridge
[2021.06.09-15.29.47:010][  0]LogUdpMessaging: Initializing bridge on interface 0.0.0.0:0 to multicast group 230.0.0.1:6666.
[2021.06.09-15.29.47:428][  0]SourceControl: Source control is disabled
[2021.06.09-15.29.47:428][  0]SourceControl: Source control is disabled
[2021.06.09-15.29.47:545][  0]SourceControl: Source control is disabled
[2021.06.09-15.29.47:557][  0]SourceControl: Source control is disabled
[2021.06.09-15.29.47:571][  0]SourceControl: Source control is disabled
[2021.06.09-15.29.49:894][  0]LogAndroidPermission: UAndroidPermissionCallbackProxy::GetInstance
[2021.06.09-15.29.49:953][  0]LogAudioCaptureCore: Display: No Audio Capture implementations found. Audio input will be silent.
[2021.06.09-15.29.49:953][  0]LogAudioCaptureCore: Display: No Audio Capture implementations found. Audio input will be silent.
[2021.06.09-15.29.50:265][  0]LogOcInput: OculusInput pre-init called
[2021.06.09-15.29.50:528][  0]LogWindows: Failed to load 'OVRPlugin.dll' (GetLastError=126)
[2021.06.09-15.29.50:528][  0]LogWindows: File 'OVRPlugin.dll' does not exist
[2021.06.09-15.29.51:010][  0]LogEngine: Initializing Engine...
[2021.06.09-15.29.51:076][  0]LogHMD: Failed to initialize OpenVR with code 108
[2021.06.09-15.29.51:076][  0]LogMagicLeap: Warning: VR disabled because ZI is not enabled.  To enable, in the editor, Edit -> Project Settings -> Plugins -> Magic Leap Plugin -> Enable Zero Iteration
[2021.06.09-15.29.51:077][  0]LogStats: UGameplayTagsManager::InitializeManager -  0.000 s
[2021.06.09-15.29.51:218][  0]LogInit: Initializing FReadOnlyCVARCache
[2021.06.09-15.29.51:367][  0]LogAIModule: Creating AISystem for world Untitled
[2021.06.09-15.29.51:367][  0]LogAISub: UAISubsystem::UAISubsystem EnvQueryManager (000001D643C3C600), frame # 0
[2021.06.09-15.29.51:367][  0]LogAISub: UAISubsystem::UAISubsystem AIPerceptionSystem (000001D643C547C0), frame # 0
[2021.06.09-15.29.51:385][  0]LogAudioMixer: Display: Audio Mixer Platform Settings:
[2021.06.09-15.29.51:385][  0]LogAudioMixer: Display: 	Sample Rate:						  48000
[2021.06.09-15.29.51:385][  0]LogAudioMixer: Display: 	Callback Buffer Frame Size Requested: 1024
[2021.06.09-15.29.51:385][  0]LogAudioMixer: Display: 	Callback Buffer Frame Size To Use:	  1024
[2021.06.09-15.29.51:385][  0]LogAudioMixer: Display: 	Number of buffers to queue:			  2
[2021.06.09-15.29.51:385][  0]LogAudioMixer: Display: 	Max Channels (voices):				  32
[2021.06.09-15.29.51:385][  0]LogAudioMixer: Display: 	Number of Async Source Workers:		  0
[2021.06.09-15.29.51:385][  0]LogAudio: Display: AudioDevice MaxSources: 32
[2021.06.09-15.29.51:386][  0]LogAudio: Display: Using built-in audio occlusion.
[2021.06.09-15.29.51:386][  0]LogAudioMixer: Display: Initializing audio mixer.
[2021.06.09-15.29.51:411][  0]LogAudioMixer: Display: 0: FrontLeft
[2021.06.09-15.29.51:411][  0]LogAudioMixer: Display: 1: FrontRight
[2021.06.09-15.29.51:465][  0]LogAudioMixer: Display: Using Audio Device 扬声器 (Realtek High Definition Audio)
[2021.06.09-15.29.51:471][  0]LogAudioMixer: Display: Initializing Sound Submixes...
[2021.06.09-15.29.51:473][  0]LogAudioMixer: Display: Creating Master Submix 'MasterSubmixDefault'
[2021.06.09-15.29.51:473][  0]LogAudioMixer: Display: Creating Master Submix 'MasterReverbSubmixDefault'
[2021.06.09-15.29.51:474][  0]LogAudioMixer: Display: Creating Master Submix 'MasterEQSubmixDefault'
[2021.06.09-15.29.51:475][  0]LogInit: FAudioDevice initialized.
[2021.06.09-15.29.51:476][  0]LogNetVersion: Set ProjectVersion to 1.0.0.0. Version Checksum will be recalculated on next use.
[2021.06.09-15.29.52:025][  0]LogDerivedDataCache: Saved boot cache 0.55s 75MB C:/Users/WhyNot32/AppData/Local/UnrealEngine/4.25/DerivedDataCache/Boot.ddc.
[2021.06.09-15.29.52:026][  0]LogInit: Texture streaming: Enabled
[2021.06.09-15.29.52:095][  0]LogEngineSessionManager: EngineSessionManager initialized
[2021.06.09-15.29.52:095][  0]LogEditorSessionSummary: Verbose: Initializing EditorSessionSummaryWriter for editor session tracking
[2021.06.09-15.29.52:098][  0]LogEditorSessionSummary: EditorSessionSummaryWriter initialized
[2021.06.09-15.29.52:174][  0]LogInit: Transaction tracking system initialized
[2021.06.09-15.29.52:289][  0]BlueprintLog: New page: Editor Load
[2021.06.09-15.29.52:754][  0]LocalizationService: Localization service is disabled
[2021.06.09-15.29.53:953][  0]LogCook: Display: Max memory allowance for cook 16384mb min free memory 0mb
[2021.06.09-15.29.53:954][  0]LogCook: Display: Mobile HDR setting 1
[2021.06.09-15.29.54:596][  0]LogFileCache: Scanning file cache for directory 'D:/UnrealProject/FPS/Content/' took 0.00s
[2021.06.09-15.29.55:810][  0]SourceControl: Source control is disabled
[2021.06.09-15.29.55:898][  0]LogWindowsTextInputMethodSystem: Display: IME system now activated using TSF (微软拼音).
[2021.06.09-15.29.56:016][  0]LogSlate: Took 0.066606 seconds to synchronously load lazily loaded font '../../../Engine/Content/Slate/Fonts/Roboto-Regular.ttf' (155K)
[2021.06.09-15.30.12:613][  0]LogSlate: Window 'Restore Packages' being destroyed
[2021.06.09-15.30.12:620][  0]LogWindowsTextInputMethodSystem: Display: IME system now activated using TSF (微软拼音).
[2021.06.09-15.30.12:631][  0]LogWindowsTextInputMethodSystem: Display: IME system now activated using TSF (微软拼音).
[2021.06.09-15.30.12:632][  0]LogUnrealEdMisc: Loading editor; pre map load, took 68.901
[2021.06.09-15.30.12:633][  0]Cmd: MAP LOAD FILE="../../../Engine/Content/Maps/Templates/Template_Default.umap" TEMPLATE=1 SHOWPROGRESS=1 FEATURELEVEL=3
[2021.06.09-15.30.12:639][  0]LightingResults: New page: Lighting Build
[2021.06.09-15.30.12:640][  0]LogWorld: UWorld::CleanupWorld for Untitled, bSessionEnded=true, bCleanupResources=true
[2021.06.09-15.30.12:640][  0]LogSlate: InvalidateAllWidgets triggered.  All widgets were invalidated
[2021.06.09-15.30.12:640][  0]MapCheck: New page: Map Check
[2021.06.09-15.30.12:640][  0]LightingResults: New page: Lighting Build
[2021.06.09-15.30.12:655][  0]LogAISub: UAISubsystem::~UAISubsystem EnvQueryManager (000001D643C3C600), frame # 0
[2021.06.09-15.30.12:655][  0]LogAISub: UAISubsystem::~UAISubsystem AIPerceptionSystem (000001D643C547C0), frame # 0
[2021.06.09-15.30.12:657][  0]LogUObjectHash: Compacting FUObjectHashTables data took   1.19ms
[2021.06.09-15.30.12:809][  0]LogAIModule: Creating AISystem for world Untitled_1
[2021.06.09-15.30.12:809][  0]LogAISub: UAISubsystem::UAISubsystem EnvQueryManager (000001D642F05C00), frame # 0
[2021.06.09-15.30.12:809][  0]LogAISub: UAISubsystem::UAISubsystem AIPerceptionSystem (000001D62BB51A80), frame # 0
[2021.06.09-15.30.12:817][  0]LogEditorServer: Finished looking for orphan Actors (0.000 secs)
[2021.06.09-15.30.12:831][  0]LogUObjectHash: Compacting FUObjectHashTables data took   0.79ms
[2021.06.09-15.30.12:831][  0]Cmd: MAP CHECKDEP NOCLEARLOG
[2021.06.09-15.30.12:832][  0]MapCheck: Map check complete: 0 Error(s), 0 Warning(s), took 0.153ms to complete.
[2021.06.09-15.30.12:832][  0]LogFileHelpers: Loading map 'Template_Default' took 0.199
[2021.06.09-15.30.12:834][  0]LogUnrealEdMisc: Total Editor Startup Time, took 69.103
[2021.06.09-15.30.12:930][  0]LogSlate: Updating window title bar state: overlay mode, drag disabled, window buttons hidden, title bar hidden
[2021.06.09-15.30.12:939][  0]LogSlate: Updating window title bar state: overlay mode, drag disabled, window buttons hidden, title bar hidden
[2021.06.09-15.30.12:949][  0]LogSlate: Updating window title bar state: overlay mode, drag disabled, window buttons hidden, title bar hidden
[2021.06.09-15.30.12:957][  0]LogSlate: Updating window title bar state: overlay mode, drag disabled, window buttons hidden, title bar hidden
[2021.06.09-15.30.13:117][  0]LogCollectionManager: Loaded 0 collections in 0.000932 seconds
[2021.06.09-15.30.13:133][  0]LogFileCache: Scanning file cache for directory 'D:/UnrealProject/FPS/Saved/Collections/' took 0.00s
[2021.06.09-15.30.13:133][  0]LogFileCache: Scanning file cache for directory 'D:/UnrealProject/FPS/Content/Developers/WhyNot32/Collections/' took 0.00s
[2021.06.09-15.30.13:133][  0]LogFileCache: Scanning file cache for directory 'D:/UnrealProject/FPS/Content/Collections/' took 0.00s
[2021.06.09-15.30.13:133][  0]LogContentBrowser: Native class hierarchy populated in 0.0108 seconds. Added 3427 classes and 821 folders.
[2021.06.09-15.30.13:137][  0]LogContentBrowser: Native class hierarchy updated for 'WidgetCarousel' in 0.0003 seconds. Added 0 classes and 0 folders.
[2021.06.09-15.30.14:534][  0]LogContentBrowser: Native class hierarchy updated for 'AddContentDialog' in 0.0003 seconds. Added 0 classes and 0 folders.
[2021.06.09-15.30.14:536][  0]LogContentBrowser: Native class hierarchy updated for 'SceneOutliner' in 0.0003 seconds. Added 2 classes and 0 folders.
[2021.06.09-15.30.14:677][  0]LogSlate: Took 0.031716 seconds to synchronously load lazily loaded font '../../../Engine/Content/Slate/Fonts/Roboto-Bold.ttf' (160K)
[2021.06.09-15.30.14:822][  0]LogSlate: Took 0.139762 seconds to synchronously load lazily loaded font '../../../Engine/Content/Editor/Slate/Fonts/FontAwesome.ttf' (139K)
[2021.06.09-15.30.14:874][  0]LogRenderer: Reallocating scene render targets to support 1208x652 Format 10 NumSamples 1 (Frame:1).
[2021.06.09-15.30.15:001][  0]LogContentBrowser: Native class hierarchy updated for 'HierarchicalLODOutliner' in 0.0003 seconds. Added 0 classes and 0 folders.
[2021.06.09-15.30.15:001][  0]LogLoad: (Engine Initialization) Total time: 71.27 seconds
[2021.06.09-15.30.15:001][  0]LogLoad: (Engine Initialization) Total Blueprint compile time: 0.00 seconds
[2021.06.09-15.30.15:040][  0]LogAssetRegistry: Asset discovery search completed in 41.7639 seconds
[2021.06.09-15.30.15:044][  0]LogCollectionManager: Fixed up redirectors for 0 collections in 0.000002 seconds (updated 0 objects)
[2021.06.09-15.30.15:045][  0]LogContentStreaming: Texture pool size now 1000 MB
[2021.06.09-15.30.15:073][  0]LogSlate: Took 0.012855 seconds to synchronously load lazily loaded font '../../../Engine/Content/Slate/Fonts/Roboto-Light.ttf' (167K)
[2021.06.09-15.30.15:719][ 51]LogSlate: Took 0.037198 seconds to synchronously load lazily loaded font '../../../Engine/Content/Slate/Fonts/DroidSansFallback.ttf' (3848K)
[2021.06.09-15.30.16:034][ 81]LogSlate: Took 0.000177 seconds to synchronously load lazily loaded font '../../../Engine/Content/Slate/Fonts/Roboto-Light.ttf' (167K)
[2021.06.09-15.30.18:583][282]LogAssetEditorSubsystem: Opening Asset editor for World /Game/Main.Main
[2021.06.09-15.30.18:607][282]LogUObjectHash: Compacting FUObjectHashTables data took   0.85ms
[2021.06.09-15.30.18:608][282]Cmd: MAP LOAD FILE="../../../../../UnrealProject/FPS/Content/Main.umap" TEMPLATE=0 SHOWPROGRESS=1 FEATURELEVEL=3
[2021.06.09-15.30.18:608][282]LightingResults: New page: Lighting Build
[2021.06.09-15.30.18:608][282]LoadErrors: New page: Loading map: Main.umap
[2021.06.09-15.30.18:609][282]LogWorld: UWorld::CleanupWorld for Untitled_1, bSessionEnded=true, bCleanupResources=true
[2021.06.09-15.30.18:609][282]LogSlate: InvalidateAllWidgets triggered.  All widgets were invalidated
[2021.06.09-15.30.18:609][282]MapCheck: New page: Map Check
[2021.06.09-15.30.18:609][282]LightingResults: New page: Lighting Build
[2021.06.09-15.30.18:621][282]LogAISub: UAISubsystem::~UAISubsystem EnvQueryManager (000001D642F05C00), frame # 282
[2021.06.09-15.30.18:622][282]LogAISub: UAISubsystem::~UAISubsystem AIPerceptionSystem (000001D62BB51A80), frame # 282
[2021.06.09-15.30.18:622][282]LogUObjectHash: Compacting FUObjectHashTables data took   0.70ms
[2021.06.09-15.30.18:725][282]LogEditorServer: Finished looking for orphan Actors (0.000 secs)
[2021.06.09-15.30.18:725][282]LogAIModule: Creating AISystem for world Main
[2021.06.09-15.30.18:725][282]LogAISub: UAISubsystem::UAISubsystem EnvQueryManager (000001D666989800), frame # 282
[2021.06.09-15.30.18:725][282]LogAISub: UAISubsystem::UAISubsystem AIPerceptionSystem (000001D6504A7D80), frame # 282
[2021.06.09-15.30.18:740][282]LogUObjectHash: Compacting FUObjectHashTables data took   0.65ms
[2021.06.09-15.30.18:765][282]Cmd: MAP CHECKDEP NOCLEARLOG
[2021.06.09-15.30.18:765][282]MapCheck: Map check complete: 0 Error(s), 0 Warning(s), took 0.088ms to complete.
[2021.06.09-15.30.18:766][282]LogFileHelpers: Loading map 'Main' took 0.157
[2021.06.09-15.30.18:824][282]LogLinker: Warning: Failed to load '/Game/Model_Mesh/Mesh/Character/UE4_Mannequin/Mesh/SK_Mannequin': Can't find file.
[2021.06.09-15.30.18:824][282]LogLinker: Warning: Failed to load '/Game/Model_Mesh/Mesh/Character/UE4_Mannequin/Mesh/SK_Mannequin': Can't find file.
[2021.06.09-15.30.18:824][282]LogUObjectGlobals: Warning: Failed to find object 'Object /Game/Model_Mesh/Mesh/Character/UE4_Mannequin/Mesh/SK_Mannequin.SK_Mannequin'
[2021.06.09-15.30.18:919][283]LogScript: Warning: Accessed None trying to read property CallFunc_TryGetPawnOwner_ReturnValue
	AIAnim_C /Engine/Transient.World_3:PersistentLevel.SkeletalMeshActor_0.SkeletalMeshComponent0.AIAnim_C_0
	Function /Game/AIAnim.AIAnim_C:ExecuteUbergraph_AIAnim:0085
[2021.06.09-15.30.19:109][286]LogScript: Warning: Accessed None trying to read property CallFunc_TryGetPawnOwner_ReturnValue
	PlayerAnim_C /Engine/Transient.World_6:PersistentLevel.SkeletalMeshActor_0.SkeletalMeshComponent0.PlayerAnim_C_0
	Function /Game/PlayerAnim.PlayerAnim_C:ExecuteUbergraph_PlayerAnim:012C
[2021.06.09-15.30.19:109][286]LogScript: Warning: Accessed None trying to read property Player
	PlayerAnim_C /Engine/Transient.World_6:PersistentLevel.SkeletalMeshActor_0.SkeletalMeshComponent0.PlayerAnim_C_0
	Function /Game/PlayerAnim.PlayerAnim_C:ExecuteUbergraph_PlayerAnim:01B6
[2021.06.09-15.30.19:109][286]LogScript: Warning: Accessed None trying to read property CallFunc_TryGetPawnOwner_ReturnValue
	PlayerAnim_C /Engine/Transient.World_6:PersistentLevel.SkeletalMeshActor_0.SkeletalMeshComponent0.PlayerAnim_C_0
	Function /Game/PlayerAnim.PlayerAnim_C:ExecuteUbergraph_PlayerAnim:0255
[2021.06.09-15.30.19:109][286]LogScript: Warning: Accessed None trying to read property Player
	PlayerAnim_C /Engine/Transient.World_6:PersistentLevel.SkeletalMeshActor_0.SkeletalMeshComponent0.PlayerAnim_C_0
	Function /Game/PlayerAnim.PlayerAnim_C:ExecuteUbergraph_PlayerAnim:0066
[2021.06.09-15.30.19:109][286]LogScript: Warning: Accessed None
	PlayerAnim_C /Engine/Transient.World_6:PersistentLevel.SkeletalMeshActor_0.SkeletalMeshComponent0.PlayerAnim_C_0
	Function /Game/PlayerAnim.PlayerAnim_C:ExecuteUbergraph_PlayerAnim:007B
[2021.06.09-15.30.20:907][489]LogTemp: Repeating last play command: Selected Viewport
[2021.06.09-15.30.20:922][489]LogPlayLevel: PlayLevel: No blueprints needed recompiling
[2021.06.09-15.30.20:922][489]PIE: New page: PIE session: Main (2021年6月10日 上午7:30:20)
[2021.06.09-15.30.20:923][489]LogOnline: OSS: Creating online subsystem instance for: NULL
[2021.06.09-15.30.20:924][489]LogOnline: OSS: TryLoadSubsystemAndSetDefault: Loaded subsystem for module [NULL]
[2021.06.09-15.30.20:924][489]LogPlayLevel: Creating play world package: /Game/UEDPIE_0_Main
[2021.06.09-15.30.20:929][489]LogPlayLevel: PIE: StaticDuplicateObject took: (0.004589s)
[2021.06.09-15.30.20:930][489]LogAIModule: Creating AISystem for world Main
[2021.06.09-15.30.20:930][489]LogAISub: UAISubsystem::UAISubsystem EnvQueryManager (000001D67913DA00), frame # 489
[2021.06.09-15.30.20:930][489]LogAISub: UAISubsystem::UAISubsystem AIPerceptionSystem (000001D65091AC00), frame # 489
[2021.06.09-15.30.20:930][489]LogPlayLevel: PIE: World Init took: (0.001317s)
[2021.06.09-15.30.20:930][489]LogPlayLevel: PIE: Created PIE world by copying editor world from /Game/Main.Main to /Game/UEDPIE_0_Main.Main (0.006038s)
[2021.06.09-15.30.20:942][489]LogUObjectHash: Compacting FUObjectHashTables data took   0.64ms
[2021.06.09-15.30.20:943][489]LogAudioMixer: Display: Audio Mixer Platform Settings:
[2021.06.09-15.30.20:943][489]LogAudioMixer: Display: 	Sample Rate:						  48000
[2021.06.09-15.30.20:943][489]LogAudioMixer: Display: 	Callback Buffer Frame Size Requested: 1024
[2021.06.09-15.30.20:943][489]LogAudioMixer: Display: 	Callback Buffer Frame Size To Use:	  1024
[2021.06.09-15.30.20:943][489]LogAudioMixer: Display: 	Number of buffers to queue:			  2
[2021.06.09-15.30.20:943][489]LogAudioMixer: Display: 	Max Channels (voices):				  32
[2021.06.09-15.30.20:943][489]LogAudioMixer: Display: 	Number of Async Source Workers:		  0
[2021.06.09-15.30.20:943][489]LogAudio: Display: AudioDevice MaxSources: 32
[2021.06.09-15.30.20:944][489]LogAudio: Display: Using built-in audio occlusion.
[2021.06.09-15.30.20:944][489]LogAudioMixer: Display: Initializing audio mixer.
[2021.06.09-15.30.20:949][489]LogAudioMixer: Display: 0: FrontLeft
[2021.06.09-15.30.20:949][489]LogAudioMixer: Display: 1: FrontRight
[2021.06.09-15.30.20:962][489]LogAudioMixer: Display: Using Audio Device 扬声器 (Realtek High Definition Audio)
[2021.06.09-15.30.20:962][489]LogAudioMixer: Display: Initializing Sound Submixes...
[2021.06.09-15.30.20:962][489]LogAudioMixer: Display: Creating Master Submix 'MasterSubmixDefault'
[2021.06.09-15.30.20:962][489]LogAudioMixer: Display: Creating Master Submix 'MasterReverbSubmixDefault'
[2021.06.09-15.30.20:962][489]LogAudioMixer: Display: Creating Master Submix 'MasterEQSubmixDefault'
[2021.06.09-15.30.20:973][489]LogInit: FAudioDevice initialized.
[2021.06.09-15.30.20:983][489]LogLoad: Game class is 'GameModeBase'
[2021.06.09-15.30.20:987][489]LogWorld: Bringing World /Game/UEDPIE_0_Main.Main up for play (max tick rate 0) at 2021.06.09-23.30.20
[2021.06.09-15.30.20:988][489]LogWorld: Bringing up level for play took: 0.004270
[2021.06.09-15.30.20:988][489]LogOnline: OSS: Creating online subsystem instance for: :Context_10
[2021.06.09-15.30.20:991][489]LogContentBrowser: Native class hierarchy updated for 'MovieSceneCapture' in 0.0004 seconds. Added 20 classes and 0 folders.
[2021.06.09-15.30.20:992][489]PIE: Server logged in
[2021.06.09-15.30.20:994][489]PIE: Play in editor total start time 0.073 seconds.
[2021.06.09-15.30.27:495][258]LogSlate: Updating window title bar state: overlay mode, drag disabled, window buttons hidden, title bar hidden
[2021.06.09-15.30.27:495][258]LogWorld: BeginTearingDown for /Game/UEDPIE_0_Main
[2021.06.09-15.30.27:496][258]LogWorld: UWorld::CleanupWorld for Main, bSessionEnded=true, bCleanupResources=true
[2021.06.09-15.30.27:496][258]LogSlate: InvalidateAllWidgets triggered.  All widgets were invalidated
[2021.06.09-15.30.27:504][258]LogPlayLevel: Display: Shutting down PIE online subsystems
[2021.06.09-15.30.27:506][258]LogSlate: InvalidateAllWidgets triggered.  All widgets were invalidated
[2021.06.09-15.30.27:517][258]LogSlate: Updating window title bar state: overlay mode, drag disabled, window buttons hidden, title bar hidden
[2021.06.09-15.30.27:533][258]LogAISub: UAISubsystem::~UAISubsystem AIPerceptionSystem (000001D65091AC00), frame # 1258
[2021.06.09-15.30.27:533][258]LogAISub: UAISubsystem::~UAISubsystem EnvQueryManager (000001D67913DA00), frame # 1258
[2021.06.09-15.30.27:534][258]LogUObjectHash: Compacting FUObjectHashTables data took   0.63ms
[2021.06.09-15.30.27:568][259]LogPlayLevel: Display: Destroying online subsystem :Context_10
[2021.06.09-15.30.28:722][363]LogAssetEditorSubsystem: Opening Asset editor for Blueprint /Game/Bullet.Bullet
[2021.06.09-15.30.28:953][363]LogContentBrowser: Native class hierarchy updated for 'BlueprintGraph' in 0.0007 seconds. Added 125 classes and 0 folders.
[2021.06.09-15.30.30:001][363]LogSlate: Took 0.011155 seconds to synchronously load lazily loaded font '../../../Engine/Content/Slate/Fonts/Roboto-BoldCondensed.ttf' (158K)
[2021.06.09-15.30.30:042][364]LogSlate: Took 0.001167 seconds to synchronously load lazily loaded font '../../../Engine/Content/Slate/Fonts/Roboto-Italic.ttf' (157K)
[2021.06.09-15.30.35:040][816]LogAssetEditorSubsystem: Opening Asset editor for WidgetBlueprint /Game/PlayerUI.PlayerUI
[2021.06.09-15.31.47:515][551]BlueprintLog: New page: Compile PlayerUI
[2021.06.09-15.31.47:582][551]LogUObjectHash: Compacting FUObjectHashTables data took   5.26ms
[2021.06.09-15.31.48:070][592]Cmd: OBJ SAVEPACKAGE PACKAGE="/Game/PlayerUI" FILE="../../../../../UnrealProject/FPS/Content/PlayerUI.uasset" SILENT=true
[2021.06.09-15.31.48:085][592]LogSavePackage: Moving '../../../../../UnrealProject/FPS/Saved/PlayerUI4242953C4EC275858306A0B2C641DDD7.tmp' to '../../../../../UnrealProject/FPS/Content/PlayerUI.uasset'
[2021.06.09-15.31.48:104][592]AssetCheck: New page: Asset Save: PlayerUI
[2021.06.09-15.31.48:104][592]LogContentValidation: Display: Validating WidgetBlueprint /Game/PlayerUI.PlayerUI
[2021.06.09-15.32.18:161][539]BlueprintLog: New page: Compile PlayerUI
[2021.06.09-15.32.18:200][539]LogUObjectHash: Compacting FUObjectHashTables data took   5.07ms
[2021.06.09-15.32.18:664][581]Cmd: OBJ SAVEPACKAGE PACKAGE="/Game/PlayerUI" FILE="../../../../../UnrealProject/FPS/Content/PlayerUI.uasset" SILENT=true
[2021.06.09-15.32.18:678][581]LogSavePackage: Moving '../../../../../UnrealProject/FPS/Saved/PlayerUIE896E80540A8D48899E0D691C9015854.tmp' to '../../../../../UnrealProject/FPS/Content/PlayerUI.uasset'
[2021.06.09-15.32.18:694][581]AssetCheck: New page: Asset Save: PlayerUI
[2021.06.09-15.32.18:694][581]LogContentValidation: Display: Validating WidgetBlueprint /Game/PlayerUI.PlayerUI
[2021.06.09-15.32.25:806][220]LogAssetEditorSubsystem: Opening Asset editor for AnimBlueprint /Game/PlayerAnim.PlayerAnim
[2021.06.09-15.32.25:843][220]LogContentBrowser: Native class hierarchy updated for 'SkeletonEditor' in 0.0003 seconds. Added 1 classes and 2 folders.
[2021.06.09-15.32.26:112][220]LogActorComponent: RegisterComponentWithWorld: (/Engine/Transient.World_13:PersistentLevel.AnimationEditorPreviewActor_0.DebugSkelMeshComponent_0) Already registered. Aborting.
[2021.06.09-15.32.26:112][220]LogScript: Warning: Accessed None trying to read property CallFunc_TryGetPawnOwner_ReturnValue
	PlayerAnim_C /Engine/Transient.World_13:PersistentLevel.AnimationEditorPreviewActor_0.DebugSkelMeshComponent_0.PlayerAnim_C_0
	Function /Game/PlayerAnim.PlayerAnim_C:ExecuteUbergraph_PlayerAnim:012C
[2021.06.09-15.32.26:112][220]LogScript: Warning: Accessed None trying to read property Player
	PlayerAnim_C /Engine/Transient.World_13:PersistentLevel.AnimationEditorPreviewActor_0.DebugSkelMeshComponent_0.PlayerAnim_C_0
	Function /Game/PlayerAnim.PlayerAnim_C:ExecuteUbergraph_PlayerAnim:01B6
[2021.06.09-15.32.26:113][220]LogScript: Warning: Accessed None trying to read property CallFunc_TryGetPawnOwner_ReturnValue
	PlayerAnim_C /Engine/Transient.World_13:PersistentLevel.AnimationEditorPreviewActor_0.DebugSkelMeshComponent_0.PlayerAnim_C_0
	Function /Game/PlayerAnim.PlayerAnim_C:ExecuteUbergraph_PlayerAnim:0255
[2021.06.09-15.32.26:113][220]LogScript: Warning: Accessed None trying to read property Player
	PlayerAnim_C /Engine/Transient.World_13:PersistentLevel.AnimationEditorPreviewActor_0.DebugSkelMeshComponent_0.PlayerAnim_C_0
	Function /Game/PlayerAnim.PlayerAnim_C:ExecuteUbergraph_PlayerAnim:0066
[2021.06.09-15.32.26:113][220]LogScript: Warning: Accessed None
	PlayerAnim_C /Engine/Transient.World_13:PersistentLevel.AnimationEditorPreviewActor_0.DebugSkelMeshComponent_0.PlayerAnim_C_0
	Function /Game/PlayerAnim.PlayerAnim_C:ExecuteUbergraph_PlayerAnim:007B
[2021.06.09-15.32.26:119][220]LogContentBrowser: Native class hierarchy updated for 'PinnedCommandList' in 0.0003 seconds. Added 1 classes and 0 folders.
[2021.06.09-15.32.26:510][220]LogSkeletalMesh: USkeletalMeshComponent::InitArticulated : Bodies already created (/Engine/Transient.World_13:PersistentLevel.AnimationEditorPreviewActor_0.DebugSkelMeshComponent_0) - call TermArticulated first.
[2021.06.09-15.32.27:138][220]LogScript: Warning: Accessed None trying to read property CallFunc_TryGetPawnOwner_ReturnValue
	PlayerAnim_C /Engine/Transient.World_13:PersistentLevel.AnimationEditorPreviewActor_0.DebugSkelMeshComponent_0.PlayerAnim_C_0
	Function /Game/PlayerAnim.PlayerAnim_C:ExecuteUbergraph_PlayerAnim:012C
[2021.06.09-15.32.27:138][220]LogScript: Warning: Accessed None trying to read property Player
	PlayerAnim_C /Engine/Transient.World_13:PersistentLevel.AnimationEditorPreviewActor_0.DebugSkelMeshComponent_0.PlayerAnim_C_0
	Function /Game/PlayerAnim.PlayerAnim_C:ExecuteUbergraph_PlayerAnim:01B6
[2021.06.09-15.32.27:138][220]LogScript: Warning: Accessed None trying to read property CallFunc_TryGetPawnOwner_ReturnValue
	PlayerAnim_C /Engine/Transient.World_13:PersistentLevel.AnimationEditorPreviewActor_0.DebugSkelMeshComponent_0.PlayerAnim_C_0
	Function /Game/PlayerAnim.PlayerAnim_C:ExecuteUbergraph_PlayerAnim:0255
[2021.06.09-15.32.27:138][220]LogScript: Warning: Accessed None trying to read property Player
	PlayerAnim_C /Engine/Transient.World_13:PersistentLevel.AnimationEditorPreviewActor_0.DebugSkelMeshComponent_0.PlayerAnim_C_0
	Function /Game/PlayerAnim.PlayerAnim_C:ExecuteUbergraph_PlayerAnim:0066
[2021.06.09-15.32.27:138][220]LogScript: Warning: Accessed None
	PlayerAnim_C /Engine/Transient.World_13:PersistentLevel.AnimationEditorPreviewActor_0.DebugSkelMeshComponent_0.PlayerAnim_C_0
	Function /Game/PlayerAnim.PlayerAnim_C:ExecuteUbergraph_PlayerAnim:007B
[2021.06.09-15.32.27:258][220]LogContentBrowser: Verbose: The majority of assets in the view are of type: AnimSequence
[2021.06.09-15.32.27:273][221]LogScript: Warning: Accessed None trying to read property CallFunc_TryGetPawnOwner_ReturnValue
	PlayerAnim_C /Engine/Transient.World_13:PersistentLevel.AnimationEditorPreviewActor_0.DebugSkelMeshComponent_0.PlayerAnim_C_0
	Function /Game/PlayerAnim.PlayerAnim_C:ExecuteUbergraph_PlayerAnim:012C
[2021.06.09-15.32.27:273][221]LogScript: Warning: Accessed None trying to read property Player
	PlayerAnim_C /Engine/Transient.World_13:PersistentLevel.AnimationEditorPreviewActor_0.DebugSkelMeshComponent_0.PlayerAnim_C_0
	Function /Game/PlayerAnim.PlayerAnim_C:ExecuteUbergraph_PlayerAnim:01B6
[2021.06.09-15.32.31:158][467]LogAssetEditorSubsystem: Opening Asset editor for SkeletalMesh /Game/SK_Mannequin.SK_Mannequin
[2021.06.09-15.32.31:163][467]LogActorComponent: RegisterComponentWithWorld: (/Engine/Transient.World_15:PersistentLevel.AnimationEditorPreviewActor_0.DebugSkelMeshComponent_0) Already registered. Aborting.
[2021.06.09-15.32.31:194][467]LogSkeletalMesh: USkeletalMeshComponent::InitArticulated : Bodies already created (/Engine/Transient.World_15:PersistentLevel.AnimationEditorPreviewActor_0.DebugSkelMeshComponent_0) - call TermArticulated first.
[2021.06.09-15.32.31:514][468]LogRenderer: Reallocating scene render targets to support 1208x884 Format 10 NumSamples 1 (Frame:1).
[2021.06.09-15.33.33:689][376]Cmd: OBJ SAVEPACKAGE PACKAGE="/Game/SK_Mannequin" FILE="../../../../../UnrealProject/FPS/Content/SK_Mannequin.uasset" SILENT=true
[2021.06.09-15.33.33:827][376]LogSavePackage: Moving '../../../../../UnrealProject/FPS/Saved/SK_MannequinDA784E664C0BEBB079D763BA6A52D58A.tmp' to '../../../../../UnrealProject/FPS/Content/SK_Mannequin.uasset'
[2021.06.09-15.33.33:847][376]AssetCheck: New page: Asset Save: SK_Mannequin
[2021.06.09-15.33.33:847][376]LogContentValidation: Display: Validating SkeletalMesh /Game/SK_Mannequin.SK_Mannequin
[2021.06.09-15.33.34:504][430]LogSlate: Window 'SK_Mannequin' being destroyed
[2021.06.09-15.33.34:508][430]LogSlate: Window 'SK_Mannequin' being destroyed
[2021.06.09-15.33.34:523][430]LogWorld: UWorld::CleanupWorld for World_9, bSessionEnded=true, bCleanupResources=true
[2021.06.09-15.33.34:523][430]LogSlate: InvalidateAllWidgets triggered.  All widgets were invalidated
[2021.06.09-15.33.34:583][430]LogWorld: UWorld::CleanupWorld for World_11, bSessionEnded=true, bCleanupResources=true
[2021.06.09-15.33.34:583][430]LogSlate: InvalidateAllWidgets triggered.  All widgets were invalidated
[2021.06.09-15.33.34:590][430]LogWorld: UWorld::CleanupWorld for World_10, bSessionEnded=true, bCleanupResources=true
[2021.06.09-15.33.34:590][430]LogSlate: InvalidateAllWidgets triggered.  All widgets were invalidated
[2021.06.09-15.33.34:652][430]LogWorld: UWorld::CleanupWorld for World_13, bSessionEnded=true, bCleanupResources=true
[2021.06.09-15.33.34:652][430]LogSlate: InvalidateAllWidgets triggered.  All widgets were invalidated
[2021.06.09-15.33.34:659][430]LogWorld: UWorld::CleanupWorld for World_12, bSessionEnded=true, bCleanupResources=true
[2021.06.09-15.33.34:659][430]LogSlate: InvalidateAllWidgets triggered.  All widgets were invalidated
[2021.06.09-15.33.34:800][430]LogWorld: UWorld::CleanupWorld for World_14, bSessionEnded=true, bCleanupResources=true
[2021.06.09-15.33.34:801][430]LogSlate: InvalidateAllWidgets triggered.  All widgets were invalidated
[2021.06.09-15.33.34:813][430]LogWorld: UWorld::CleanupWorld for World_15, bSessionEnded=true, bCleanupResources=true
[2021.06.09-15.33.34:813][430]LogSlate: InvalidateAllWidgets triggered.  All widgets were invalidated
[2021.06.09-15.33.35:452][484]Cmd: OBJ SAVEPACKAGE PACKAGE="/Game/PlayerAnim" FILE="../../../../../UnrealProject/FPS/Content/PlayerAnim.uasset" SILENT=true
[2021.06.09-15.33.35:501][484]LogSavePackage: Moving '../../../../../UnrealProject/FPS/Saved/PlayerAnimFAA7396344817BEEE34D5B8B6D3ABC70.tmp' to '../../../../../UnrealProject/FPS/Content/PlayerAnim.uasset'
[2021.06.09-15.33.35:514][484]AssetCheck: New page: Asset Save: PlayerAnim
[2021.06.09-15.33.35:514][484]LogContentValidation: Display: Validating AnimBlueprint /Game/PlayerAnim.PlayerAnim
[2021.06.09-15.33.39:764][882]LogUObjectHash: Compacting FUObjectHashTables data took   4.59ms
[2021.06.09-15.33.41:360][882]LogSlate: Window 'Save Content' being destroyed
[2021.06.09-15.33.41:397][882]Cmd: OBJ SAVEPACKAGE PACKAGE="/Game/UE4_Mannequin_Skeleton" FILE="../../../../../UnrealProject/FPS/Content/UE4_Mannequin_Skeleton.uasset" SILENT=true
[2021.06.09-15.33.41:418][882]LogSavePackage: Moving '../../../../../UnrealProject/FPS/Saved/UE4_Mannequin_SkeletonB22D6AB24EC81D5728391087FF8D1A29.tmp' to '../../../../../UnrealProject/FPS/Content/UE4_Mannequin_Skeleton.uasset'
[2021.06.09-15.33.41:431][882]AssetCheck: New page: Asset Save: UE4_Mannequin_Skeleton
[2021.06.09-15.33.41:431][882]LogContentValidation: Display: Validating Skeleton /Game/UE4_Mannequin_Skeleton.UE4_Mannequin_Skeleton
[2021.06.09-15.33.43:446][112]LogUObjectHash: Compacting FUObjectHashTables data took   4.07ms
[2021.06.09-15.33.43:517][112]LogSlate: Window 'FPS - Unreal Editor' being destroyed
[2021.06.09-15.33.43:518][112]LogWindowsTextInputMethodSystem: Display: IME system now activated using TSF (微软拼音).
[2021.06.09-15.33.43:671][113]Cmd: QUIT_EDITOR
[2021.06.09-15.33.43:671][113]LogCore: Engine exit requested (reason: UUnrealEdEngine::CloseEditor())
[2021.06.09-15.33.43:679][113]LogCore: Engine exit requested (reason: EngineExit() was called; note: exit was already requested)
[2021.06.09-15.33.44:219][113]LogExit: Preparing to exit.
[2021.06.09-15.33.45:411][113]LogWorld: UWorld::CleanupWorld for World_1, bSessionEnded=true, bCleanupResources=true
[2021.06.09-15.33.45:411][113]LogActorComponent: UnregisterComponent: (None.None) Not registered. Aborting.
[2021.06.09-15.33.45:411][113]LogActorComponent: UnregisterComponent: (None.None) Not registered. Aborting.
[2021.06.09-15.33.45:411][113]LogActorComponent: UnregisterComponent: (None.None) Not registered. Aborting.
[2021.06.09-15.33.45:411][113]LogActorComponent: UnregisterComponent: (None.None) Not registered. Aborting.
[2021.06.09-15.33.45:411][113]LogActorComponent: UnregisterComponent: (None.None) Not registered. Aborting.
[2021.06.09-15.33.45:411][113]LogActorComponent: UnregisterComponent: (None.None) Not registered. Aborting.
[2021.06.09-15.33.45:411][113]LogActorComponent: UnregisterComponent: (None.None) Not registered. Aborting.
[2021.06.09-15.33.45:411][113]LogWorld: UWorld::CleanupWorld for None, bSessionEnded=true, bCleanupResources=true
[2021.06.09-15.33.45:411][113]LogActorComponent: UnregisterComponent: (None.None) Not registered. Aborting.
[2021.06.09-15.33.45:411][113]LogActorComponent: UnregisterComponent: (None.None) Not registered. Aborting.
[2021.06.09-15.33.45:411][113]LogActorComponent: UnregisterComponent: (None.None) Not registered. Aborting.
[2021.06.09-15.33.45:411][113]LogActorComponent: UnregisterComponent: (None.None) Not registered. Aborting.
[2021.06.09-15.33.45:411][113]LogActorComponent: UnregisterComponent: (None.None) Not registered. Aborting.
[2021.06.09-15.33.45:411][113]LogActorComponent: UnregisterComponent: (None.None) Not registered. Aborting.
[2021.06.09-15.33.45:411][113]LogActorComponent: UnregisterComponent: (None.None) Not registered. Aborting.
[2021.06.09-15.33.45:411][113]LogWorld: UWorld::CleanupWorld for None, bSessionEnded=true, bCleanupResources=true
[2021.06.09-15.33.45:411][113]LogActorComponent: UnregisterComponent: (None.None) Not registered. Aborting.
[2021.06.09-15.33.45:411][113]LogActorComponent: UnregisterComponent: (None.None) Not registered. Aborting.
[2021.06.09-15.33.45:411][113]LogActorComponent: UnregisterComponent: (None.None) Not registered. Aborting.
[2021.06.09-15.33.45:411][113]LogActorComponent: UnregisterComponent: (None.None) Not registered. Aborting.
[2021.06.09-15.33.45:411][113]LogActorComponent: UnregisterComponent: (None.None) Not registered. Aborting.
[2021.06.09-15.33.45:411][113]LogActorComponent: UnregisterComponent: (None.None) Not registered. Aborting.
[2021.06.09-15.33.45:411][113]LogActorComponent: UnregisterComponent: (None.None) Not registered. Aborting.
[2021.06.09-15.33.45:411][113]LogWorld: UWorld::CleanupWorld for None, bSessionEnded=true, bCleanupResources=true
[2021.06.09-15.33.45:411][113]LogActorComponent: UnregisterComponent: (None.None) Not registered. Aborting.
[2021.06.09-15.33.45:411][113]LogActorComponent: UnregisterComponent: (None.None) Not registered. Aborting.
[2021.06.09-15.33.45:411][113]LogActorComponent: UnregisterComponent: (None.None) Not registered. Aborting.
[2021.06.09-15.33.45:411][113]LogActorComponent: UnregisterComponent: (None.None) Not registered. Aborting.
[2021.06.09-15.33.45:411][113]LogActorComponent: UnregisterComponent: (None.None) Not registered. Aborting.
[2021.06.09-15.33.45:411][113]LogActorComponent: UnregisterComponent: (None.None) Not registered. Aborting.
[2021.06.09-15.33.45:411][113]LogActorComponent: UnregisterComponent: (None.None) Not registered. Aborting.
[2021.06.09-15.33.45:411][113]LogWorld: UWorld::CleanupWorld for None, bSessionEnded=true, bCleanupResources=true
[2021.06.09-15.33.45:411][113]LogActorComponent: UnregisterComponent: (None.None) Not registered. Aborting.
[2021.06.09-15.33.45:412][113]LogActorComponent: UnregisterComponent: (None.None) Not registered. Aborting.
[2021.06.09-15.33.45:412][113]LogActorComponent: UnregisterComponent: (None.None) Not registered. Aborting.
[2021.06.09-15.33.45:412][113]LogActorComponent: UnregisterComponent: (None.None) Not registered. Aborting.
[2021.06.09-15.33.45:412][113]LogActorComponent: UnregisterComponent: (None.None) Not registered. Aborting.
[2021.06.09-15.33.45:412][113]LogActorComponent: UnregisterComponent: (None.None) Not registered. Aborting.
[2021.06.09-15.33.45:412][113]LogActorComponent: UnregisterComponent: (None.None) Not registered. Aborting.
[2021.06.09-15.33.45:412][113]LogWorld: UWorld::CleanupWorld for None, bSessionEnded=true, bCleanupResources=true
[2021.06.09-15.33.45:412][113]LogActorComponent: UnregisterComponent: (None.None) Not registered. Aborting.
[2021.06.09-15.33.45:412][113]LogActorComponent: UnregisterComponent: (None.None) Not registered. Aborting.
[2021.06.09-15.33.45:412][113]LogActorComponent: UnregisterComponent: (None.None) Not registered. Aborting.
[2021.06.09-15.33.45:412][113]LogActorComponent: UnregisterComponent: (None.None) Not registered. Aborting.
[2021.06.09-15.33.45:412][113]LogActorComponent: UnregisterComponent: (None.None) Not registered. Aborting.
[2021.06.09-15.33.45:412][113]LogActorComponent: UnregisterComponent: (None.None) Not registered. Aborting.
[2021.06.09-15.33.45:412][113]LogActorComponent: UnregisterComponent: (None.None) Not registered. Aborting.
[2021.06.09-15.33.45:412][113]LogWorld: UWorld::CleanupWorld for None, bSessionEnded=true, bCleanupResources=true
[2021.06.09-15.33.45:412][113]LogActorComponent: UnregisterComponent: (None.None) Not registered. Aborting.
[2021.06.09-15.33.45:412][113]LogActorComponent: UnregisterComponent: (None.None) Not registered. Aborting.
[2021.06.09-15.33.45:412][113]LogActorComponent: UnregisterComponent: (None.None) Not registered. Aborting.
[2021.06.09-15.33.45:412][113]LogActorComponent: UnregisterComponent: (None.None) Not registered. Aborting.
[2021.06.09-15.33.45:412][113]LogActorComponent: UnregisterComponent: (None.None) Not registered. Aborting.
[2021.06.09-15.33.45:412][113]LogActorComponent: UnregisterComponent: (None.None) Not registered. Aborting.
[2021.06.09-15.33.45:412][113]LogActorComponent: UnregisterComponent: (None.None) Not registered. Aborting.
[2021.06.09-15.33.45:412][113]LogWorld: UWorld::CleanupWorld for None, bSessionEnded=true, bCleanupResources=true
[2021.06.09-15.33.45:412][113]LogActorComponent: UnregisterComponent: (None.None) Not registered. Aborting.
[2021.06.09-15.33.45:412][113]LogActorComponent: UnregisterComponent: (None.None) Not registered. Aborting.
[2021.06.09-15.33.45:412][113]LogActorComponent: UnregisterComponent: (None.None) Not registered. Aborting.
[2021.06.09-15.33.45:412][113]LogActorComponent: UnregisterComponent: (None.None) Not registered. Aborting.
[2021.06.09-15.33.45:412][113]LogActorComponent: UnregisterComponent: (None.None) Not registered. Aborting.
[2021.06.09-15.33.45:412][113]LogActorComponent: UnregisterComponent: (None.None) Not registered. Aborting.
[2021.06.09-15.33.45:412][113]LogActorComponent: UnregisterComponent: (None.None) Not registered. Aborting.
[2021.06.09-15.33.45:412][113]LogWorld: UWorld::CleanupWorld for None, bSessionEnded=true, bCleanupResources=true
[2021.06.09-15.33.45:425][113]LogDemo: Cleaned up 0 splitscreen connections with owner deletion
[2021.06.09-15.33.45:429][113]LogExit: Editor shut down
[2021.06.09-15.33.45:434][113]LogExit: Transaction tracking system shut down
[2021.06.09-15.33.45:593][113]LogAISub: UAISubsystem::~UAISubsystem AISubsystem (000001D636AC43C0), frame # 18113
[2021.06.09-15.33.45:593][113]LogAISub: UAISubsystem::~UAISubsystem AIPerceptionSystem (000001D62897EAC0), frame # 18113
[2021.06.09-15.33.45:593][113]LogAISub: UAISubsystem::~UAISubsystem EnvQueryManager (000001D6289D1C00), frame # 18113
[2021.06.09-15.33.45:602][113]LogAISub: UAISubsystem::~UAISubsystem AIPerceptionSystem (000001D6504A7D80), frame # 18113
[2021.06.09-15.33.45:602][113]LogAISub: UAISubsystem::~UAISubsystem EnvQueryManager (000001D666989800), frame # 18113
[2021.06.09-15.33.45:628][113]LogExit: Object subsystem successfully closed.
[2021.06.09-15.33.45:647][113]LogShaderCompilers: Display: Shaders left to compile 0
[2021.06.09-15.33.45:660][113]LogModuleManager: Shutting down and abandoning module PinnedCommandList (804)
[2021.06.09-15.33.45:660][113]LogModuleManager: Shutting down and abandoning module SkeletonEditor (802)
[2021.06.09-15.33.45:660][113]LogModuleManager: Shutting down and abandoning module SequencerWidgets (800)
[2021.06.09-15.33.45:660][113]LogModuleManager: Shutting down and abandoning module BlueprintGraph (798)
[2021.06.09-15.33.45:660][113]LogModuleManager: Shutting down and abandoning module MovieSceneCapture (796)
[2021.06.09-15.33.45:660][113]LogModuleManager: Shutting down and abandoning module Voice (794)
[2021.06.09-15.33.45:660][113]LogModuleManager: Shutting down and abandoning module HierarchicalLODOutliner (792)
[2021.06.09-15.33.45:660][113]LogModuleManager: Shutting down and abandoning module SceneOutliner (790)
[2021.06.09-15.33.45:660][113]LogModuleManager: Shutting down and abandoning module AddContentDialog (788)
[2021.06.09-15.33.45:661][113]LogModuleManager: Shutting down and abandoning module WidgetCarousel (787)
[2021.06.09-15.33.45:661][113]LogModuleManager: Shutting down and abandoning module EditorWidgets (784)
[2021.06.09-15.33.45:661][113]LogModuleManager: Shutting down and abandoning module CollectionManager (782)
[2021.06.09-15.33.45:661][113]LogModuleManager: Shutting down and abandoning module HierarchicalLODUtilities (780)
[2021.06.09-15.33.45:661][113]LogModuleManager: Shutting down and abandoning module StatsViewer (778)
[2021.06.09-15.33.45:661][113]LogModuleManager: Shutting down and abandoning module VirtualTexturingEditor (776)
[2021.06.09-15.33.45:661][113]LogModuleManager: Shutting down and abandoning module FoliageEdit (774)
[2021.06.09-15.33.45:662][113]LogModuleManager: Shutting down and abandoning module LandscapeEditor (772)
[2021.06.09-15.33.45:662][113]LogModuleManager: Shutting down and abandoning module MeshPaintMode (770)
[2021.06.09-15.33.45:662][113]LogModuleManager: Shutting down and abandoning module SceneDepthPickerMode (768)
[2021.06.09-15.33.45:662][113]LogModuleManager: Shutting down and abandoning module ActorPickerMode (766)
[2021.06.09-15.33.45:662][113]LogModuleManager: Shutting down and abandoning module PIEPreviewDeviceProfileSelector (764)
[2021.06.09-15.33.45:662][113]LogModuleManager: Shutting down and abandoning module SequenceRecorderSections (762)
[2021.06.09-15.33.45:662][113]LogModuleManager: Shutting down and abandoning module AutomationWorker (760)
[2021.06.09-15.33.45:662][113]LogModuleManager: Shutting down and abandoning module SteamVREditor (758)
[2021.06.09-15.33.45:662][113]LogModuleManager: Shutting down and abandoning module OculusMR (756)
[2021.06.09-15.33.45:662][113]LogModuleManager: Shutting down and abandoning module GooglePADEditor (754)
[2021.06.09-15.33.45:662][113]LogModuleManager: Shutting down and abandoning module AudioCaptureEditor (752)
[2021.06.09-15.33.45:662][113]LogModuleManager: Shutting down and abandoning module TemplateSequenceEditor (750)
[2021.06.09-15.33.45:662][113]LogModuleManager: Shutting down and abandoning module MatineeToLevelSequence (748)
[2021.06.09-15.33.45:662][113]LogModuleManager: Shutting down and abandoning module LevelSequenceEditor (746)
[2021.06.09-15.33.45:662][113]LogModuleManager: Shutting down and abandoning module ActorSequenceEditor (744)
[2021.06.09-15.33.45:662][113]LogModuleManager: Shutting down and abandoning module WmfMediaFactory (742)
[2021.06.09-15.33.45:662][113]LogModuleManager: Shutting down and abandoning module WmfMediaEditor (740)
[2021.06.09-15.33.45:662][113]LogModuleManager: Shutting down and abandoning module WebMMediaFactory (738)
[2021.06.09-15.33.45:662][113]LogModuleManager: Shutting down and abandoning module WebMMediaEditor (736)
[2021.06.09-15.33.45:662][113]LogModuleManager: Shutting down and abandoning module WebMMedia (734)
[2021.06.09-15.33.45:662][113]LogModuleManager: Shutting down and abandoning module MediaPlayerEditor (732)
[2021.06.09-15.33.45:662][113]LogModuleManager: Shutting down and abandoning module MediaCompositingEditor (730)
[2021.06.09-15.33.45:662][113]LogModuleManager: Shutting down and abandoning module SequenceRecorder (729)
[2021.06.09-15.33.45:662][113]LogModuleManager: Shutting down and abandoning module OpenExrWrapper (726)
[2021.06.09-15.33.45:662][113]LogModuleManager: Shutting down and abandoning module ImgMediaFactory (724)
[2021.06.09-15.33.45:662][113]LogModuleManager: Shutting down and abandoning module ImgMediaEditor (722)
[2021.06.09-15.33.45:662][113]LogModuleManager: Shutting down and abandoning module AvfMediaFactory (720)
[2021.06.09-15.33.45:662][113]LogModuleManager: Shutting down and abandoning module AvfMediaEditor (718)
[2021.06.09-15.33.45:663][113]LogModuleManager: Shutting down and abandoning module AndroidMediaFactory (716)
[2021.06.09-15.33.45:663][113]LogModuleManager: Shutting down and abandoning module AndroidMediaEditor (714)
[2021.06.09-15.33.45:663][113]LogModuleManager: Shutting down and abandoning module MagicLeapMediaCodecFactory (712)
[2021.06.09-15.33.45:663][113]LogModuleManager: Shutting down and abandoning module MagicLeapMediaFactory (710)
[2021.06.09-15.33.45:663][113]LogModuleManager: Shutting down and abandoning module MagicLeapMediaEditor (708)
[2021.06.09-15.33.45:663][113]LogModuleManager: Shutting down and abandoning module PlanarCut (706)
[2021.06.09-15.33.45:663][113]LogModuleManager: Shutting down and abandoning module CharacterAI (704)
[2021.06.09-15.33.45:663][113]LogModuleManager: Shutting down and abandoning module TextureAlignMode (702)
[2021.06.09-15.33.45:663][113]LogModuleManager: Shutting down and abandoning module BspMode (700)
[2021.06.09-15.33.45:663][113]LogModuleManager: Shutting down and abandoning module PlacementMode (699)
[2021.06.09-15.33.45:663][113]LogModuleManager: Shutting down and abandoning module GeometryMode (696)
[2021.06.09-15.33.45:663][113]LogModuleManager: Shutting down and abandoning module CameraShakePreviewer (694)
[2021.06.09-15.33.45:663][113]LogModuleManager: Shutting down and abandoning module SmartSnapping (692)
[2021.06.09-15.33.45:663][113]LogModuleManager: Shutting down and abandoning module SessionServices (690)
[2021.06.09-15.33.45:663][113]LogModuleManager: Shutting down and abandoning module MeshPaint (688)
[2021.06.09-15.33.45:663][113]LogModuleManager: Shutting down and abandoning module ViewportSnapping (686)
[2021.06.09-15.33.45:663][113]LogModuleManager: Shutting down and abandoning module ViewportInteraction (684)
[2021.06.09-15.33.45:663][113]LogModuleManager: Shutting down and abandoning module ClothPainter (682)
[2021.06.09-15.33.45:663][113]LogModuleManager: Shutting down and abandoning module SkeletalMeshEditor (681)
[2021.06.09-15.33.45:663][113]LogModuleManager: Shutting down and abandoning module LogVisualizer (678)
[2021.06.09-15.33.45:663][113]LogModuleManager: Shutting down and abandoning module IntroTutorials (676)
[2021.06.09-15.33.45:663][113]LogModuleManager: Shutting down and abandoning module GameProjectGeneration (675)
[2021.06.09-15.33.45:663][113]LogModuleManager: Shutting down and abandoning module LuminPlatformEditor (672)
[2021.06.09-15.33.45:663][113]LogModuleManager: Shutting down and abandoning module IOSPlatformEditor (670)
[2021.06.09-15.33.45:663][113]LogModuleManager: Shutting down and abandoning module AndroidPlatformEditor (668)
[2021.06.09-15.33.45:663][113]LogModuleManager: Shutting down and abandoning module AndroidDeviceDetection (667)
